{"/Users/juan.berdugo/Documents/Proyectos/ensayoV0/ProjectApp/frontend/app/layout.tsx": {"path":"/Users/juan.berdugo/Documents/Proyectos/ensayoV0/ProjectApp/frontend/app/layout.tsx","statementMap":{"0":{"start":{"line":16,"column":24},"end":{"line":16,"column":35}},"1":{"start":{"line":10,"column":13},"end":{"line":10,"column":21}},"2":{"start":{"line":3,"column":22},"end":{"line":3,"column":null}},"3":{"start":{"line":4,"column":7},"end":{"line":4,"column":null}},"4":{"start":{"line":5,"column":29},"end":{"line":5,"column":null}},"5":{"start":{"line":6,"column":26},"end":{"line":6,"column":null}},"6":{"start":{"line":8,"column":14},"end":{"line":8,"column":null}},"7":{"start":{"line":10,"column":34},"end":{"line":14,"column":null}}},"fnMap":{"0":{"name":"RootLayout","decl":{"start":{"line":16,"column":24},"end":{"line":16,"column":35}},"loc":{"start":{"line":20,"column":1},"end":{"line":30,"column":1}}}},"branchMap":{},"s":{"0":0,"1":0,"2":0,"3":0,"4":0,"5":0,"6":0,"7":0},"f":{"0":0},"b":{}}
,"/Users/juan.berdugo/Documents/Proyectos/ensayoV0/ProjectApp/frontend/app/page.tsx": {"path":"/Users/juan.berdugo/Documents/Proyectos/ensayoV0/ProjectApp/frontend/app/page.tsx","statementMap":{"0":{"start":{"line":7,"column":24},"end":{"line":7,"column":null}},"1":{"start":{"line":3,"column":26},"end":{"line":3,"column":null}},"2":{"start":{"line":4,"column":26},"end":{"line":4,"column":null}},"3":{"start":{"line":5,"column":24},"end":{"line":5,"column":null}},"4":{"start":{"line":8,"column":39},"end":{"line":8,"column":null}},"5":{"start":{"line":9,"column":17},"end":{"line":9,"column":null}},"6":{"start":{"line":11,"column":2},"end":{"line":19,"column":null}},"7":{"start":{"line":12,"column":4},"end":{"line":18,"column":null}},"8":{"start":{"line":13,"column":6},"end":{"line":17,"column":null}},"9":{"start":{"line":14,"column":8},"end":{"line":14,"column":null}},"10":{"start":{"line":16,"column":8},"end":{"line":16,"column":null}}},"fnMap":{"0":{"name":"HomePage","decl":{"start":{"line":7,"column":24},"end":{"line":7,"column":null}},"loc":{"start":{"line":7,"column":24},"end":{"line":26,"column":null}}},"1":{"name":"(anonymous_2)","decl":{"start":{"line":11,"column":12},"end":{"line":11,"column":null}},"loc":{"start":{"line":11,"column":12},"end":{"line":19,"column":5}}}},"branchMap":{"0":{"loc":{"start":{"line":12,"column":4},"end":{"line":18,"column":null}},"type":"if","locations":[{"start":{"line":12,"column":4},"end":{"line":18,"column":null}}]},"1":{"loc":{"start":{"line":13,"column":6},"end":{"line":17,"column":null}},"type":"if","locations":[{"start":{"line":13,"column":6},"end":{"line":17,"column":null}},{"start":{"line":15,"column":13},"end":{"line":17,"column":null}}]}},"s":{"0":5,"1":1,"2":1,"3":1,"4":5,"5":5,"6":5,"7":5,"8":2,"9":1,"10":1},"f":{"0":5,"1":5},"b":{"0":[2],"1":[1,1]}}
,"/Users/juan.berdugo/Documents/Proyectos/ensayoV0/ProjectApp/frontend/app/dashboard/page.tsx": {"path":"/Users/juan.berdugo/Documents/Proyectos/ensayoV0/ProjectApp/frontend/app/dashboard/page.tsx","statementMap":{"0":{"start":{"line":15,"column":24},"end":{"line":15,"column":null}},"1":{"start":{"line":3,"column":36},"end":{"line":3,"column":null}},"2":{"start":{"line":4,"column":26},"end":{"line":4,"column":null}},"3":{"start":{"line":5,"column":74},"end":{"line":5,"column":null}},"4":{"start":{"line":6,"column":23},"end":{"line":6,"column":null}},"5":{"start":{"line":7,"column":22},"end":{"line":7,"column":null}},"6":{"start":{"line":8,"column":54},"end":{"line":8,"column":null}},"7":{"start":{"line":9,"column":49},"end":{"line":9,"column":null}},"8":{"start":{"line":10,"column":30},"end":{"line":10,"column":null}},"9":{"start":{"line":11,"column":24},"end":{"line":11,"column":null}},"10":{"start":{"line":12,"column":61},"end":{"line":12,"column":null}},"11":{"start":{"line":13,"column":34},"end":{"line":13,"column":null}},"12":{"start":{"line":16,"column":34},"end":{"line":16,"column":null}},"13":{"start":{"line":17,"column":32},"end":{"line":17,"column":null}},"14":{"start":{"line":18,"column":48},"end":{"line":18,"column":null}},"15":{"start":{"line":19,"column":56},"end":{"line":19,"column":null}},"16":{"start":{"line":20,"column":32},"end":{"line":27,"column":null}},"17":{"start":{"line":29,"column":21},"end":{"line":29,"column":null}},"18":{"start":{"line":30,"column":17},"end":{"line":30,"column":null}},"19":{"start":{"line":32,"column":2},"end":{"line":34,"column":null}},"20":{"start":{"line":33,"column":4},"end":{"line":33,"column":null}},"21":{"start":{"line":36,"column":23},"end":{"line":45,"column":null}},"22":{"start":{"line":37,"column":4},"end":{"line":44,"column":null}},"23":{"start":{"line":38,"column":19},"end":{"line":38,"column":null}},"24":{"start":{"line":39,"column":6},"end":{"line":39,"column":null}},"25":{"start":{"line":41,"column":26},"end":{"line":41,"column":null}},"26":{"start":{"line":43,"column":6},"end":{"line":43,"column":null}},"27":{"start":{"line":47,"column":28},"end":{"line":50,"column":null}},"28":{"start":{"line":48,"column":4},"end":{"line":48,"column":null}},"29":{"start":{"line":49,"column":4},"end":{"line":49,"column":null}},"30":{"start":{"line":52,"column":29},"end":{"line":56,"column":null}},"31":{"start":{"line":53,"column":4},"end":{"line":53,"column":null}},"32":{"start":{"line":54,"column":4},"end":{"line":54,"column":null}},"33":{"start":{"line":55,"column":4},"end":{"line":55,"column":null}},"34":{"start":{"line":58,"column":25},"end":{"line":71,"column":null}},"35":{"start":{"line":59,"column":4},"end":{"line":70,"column":null}},"36":{"start":{"line":61,"column":8},"end":{"line":61,"column":null}},"37":{"start":{"line":63,"column":8},"end":{"line":63,"column":null}},"38":{"start":{"line":65,"column":8},"end":{"line":65,"column":null}},"39":{"start":{"line":67,"column":8},"end":{"line":67,"column":null}},"40":{"start":{"line":69,"column":8},"end":{"line":69,"column":null}},"41":{"start":{"line":73,"column":27},"end":{"line":73,"column":null}},"42":{"start":{"line":75,"column":2},"end":{"line":77,"column":null}},"43":{"start":{"line":86,"column":37},"end":{"line":86,"column":null}},"44":{"start":{"line":118,"column":35},"end":{"line":118,"column":null}},"45":{"start":{"line":126,"column":14},"end":{"line":127,"column":null}},"46":{"start":{"line":129,"column":31},"end":{"line":129,"column":null}},"47":{"start":{"line":141,"column":24},"end":{"line":141,"column":null}},"48":{"start":{"line":142,"column":24},"end":{"line":142,"column":null}},"49":{"start":{"line":189,"column":85},"end":{"line":189,"column":40384}},"50":{"start":{"line":189,"column":89},"end":{"line":189,"column":40373}},"51":{"start":{"line":189,"column":40448},"end":{"line":189,"column":40489}},"52":{"start":{"line":189,"column":40452},"end":{"line":189,"column":40477}},"53":{"start":{"line":189,"column":40489},"end":{"line":189,"column":40497}},"54":{"start":{"line":189,"column":40499},"end":{"line":189,"column":40505}},"55":{"start":{"line":189,"column":40620},"end":{"line":189,"column":40626}},"56":{"start":{"line":189,"column":40741},"end":{"line":189,"column":40747}},"57":{"start":{"line":189,"column":40866},"end":{"line":189,"column":40872}},"58":{"start":{"line":189,"column":41016},"end":{"line":189,"column":41022}}},"fnMap":{"0":{"name":"DashboardPage","decl":{"start":{"line":15,"column":24},"end":{"line":15,"column":null}},"loc":{"start":{"line":15,"column":24},"end":{"line":182,"column":null}}},"1":{"name":"(anonymous_2)","decl":{"start":{"line":32,"column":12},"end":{"line":32,"column":null}},"loc":{"start":{"line":32,"column":12},"end":{"line":34,"column":5}}},"2":{"name":"(anonymous_3)","decl":{"start":{"line":36,"column":23},"end":{"line":36,"column":null}},"loc":{"start":{"line":36,"column":23},"end":{"line":45,"column":null}}},"3":{"name":"(anonymous_4)","decl":{"start":{"line":47,"column":28},"end":{"line":47,"column":29}},"loc":{"start":{"line":47,"column":29},"end":{"line":50,"column":null}}},"4":{"name":"(anonymous_5)","decl":{"start":{"line":52,"column":29},"end":{"line":52,"column":null}},"loc":{"start":{"line":52,"column":29},"end":{"line":56,"column":null}}},"5":{"name":"(anonymous_6)","decl":{"start":{"line":58,"column":25},"end":{"line":58,"column":26}},"loc":{"start":{"line":58,"column":26},"end":{"line":71,"column":null}}},"6":{"name":"(anonymous_7)","decl":{"start":{"line":86,"column":31},"end":{"line":86,"column":37}},"loc":{"start":{"line":86,"column":37},"end":{"line":86,"column":null}}},"7":{"name":"(anonymous_8)","decl":{"start":{"line":118,"column":29},"end":{"line":118,"column":35}},"loc":{"start":{"line":118,"column":35},"end":{"line":118,"column":null}}},"8":{"name":"(anonymous_9)","decl":{"start":{"line":125,"column":34},"end":{"line":125,"column":35}},"loc":{"start":{"line":126,"column":14},"end":{"line":127,"column":null}}},"9":{"name":"(anonymous_10)","decl":{"start":{"line":129,"column":25},"end":{"line":129,"column":31}},"loc":{"start":{"line":129,"column":31},"end":{"line":129,"column":null}}},"10":{"name":"(anonymous_11)","decl":{"start":{"line":140,"column":31},"end":{"line":140,"column":32}},"loc":{"start":{"line":140,"column":32},"end":{"line":143,"column":null}}},"11":{"name":"oo_cm","decl":{"start":{"line":189,"column":77},"end":{"line":189,"column":85}},"loc":{"start":{"line":189,"column":77},"end":{"line":189,"column":40412}}},"12":{"name":"oo_oo","decl":{"start":{"line":189,"column":40421},"end":{"line":189,"column":40427}},"loc":{"start":{"line":189,"column":40446},"end":{"line":189,"column":40499}}}},"branchMap":{"0":{"loc":{"start":{"line":48,"column":23},"end":{"line":48,"column":null}},"type":"binary-expr","locations":[{"start":{"line":48,"column":23},"end":{"line":48,"column":34}},{"start":{"line":48,"column":34},"end":{"line":48,"column":null}}]},"1":{"loc":{"start":{"line":59,"column":4},"end":{"line":70,"column":null}},"type":"switch","locations":[{"start":{"line":60,"column":6},"end":{"line":61,"column":null}},{"start":{"line":62,"column":6},"end":{"line":63,"column":null}},{"start":{"line":64,"column":6},"end":{"line":65,"column":null}},{"start":{"line":66,"column":6},"end":{"line":67,"column":null}},{"start":{"line":68,"column":6},"end":{"line":69,"column":null}}]},"2":{"loc":{"start":{"line":75,"column":2},"end":{"line":77,"column":null}},"type":"if","locations":[{"start":{"line":75,"column":2},"end":{"line":77,"column":null}}]},"3":{"loc":{"start":{"line":112,"column":10},"end":{"line":124,"column":11}},"type":"cond-expr","locations":[{"start":{"line":112,"column":10},"end":{"line":124,"column":11}}]},"4":{"loc":{"start":{"line":151,"column":21},"end":{"line":151,"column":null}},"type":"binary-expr","locations":[{"start":{"line":151,"column":21},"end":{"line":151,"column":40}},{"start":{"line":151,"column":44},"end":{"line":151,"column":null}}]},"5":{"loc":{"start":{"line":189,"column":96},"end":{"line":189,"column":40373}},"type":"binary-expr","locations":[{"start":{"line":189,"column":96},"end":{"line":189,"column":137}},{"start":{"line":189,"column":137},"end":{"line":189,"column":40373}}]}},"s":{"0":11,"1":1,"2":1,"3":1,"4":1,"5":1,"6":1,"7":1,"8":1,"9":1,"10":1,"11":1,"12":22,"13":22,"14":22,"15":22,"16":22,"17":22,"18":22,"19":22,"20":11,"21":22,"22":11,"23":11,"24":9,"25":1,"26":10,"27":22,"28":1,"29":1,"30":22,"31":0,"32":0,"33":0,"34":22,"35":18,"36":9,"37":9,"38":0,"39":0,"40":0,"41":22,"42":22,"43":1,"44":0,"45":18,"46":1,"47":0,"48":0,"49":1,"50":1,"51":0,"52":0,"53":0,"54":1,"55":1,"56":1,"57":1,"58":1},"f":{"0":22,"1":11,"2":11,"3":1,"4":0,"5":18,"6":1,"7":0,"8":18,"9":1,"10":0,"11":1,"12":0},"b":{"0":[1,1],"1":[9,9,0,0,0],"2":[11],"3":[2],"4":[18,0],"5":[1,1]}}
,"/Users/juan.berdugo/Documents/Proyectos/ensayoV0/ProjectApp/frontend/app/login/page.tsx": {"path":"/Users/juan.berdugo/Documents/Proyectos/ensayoV0/ProjectApp/frontend/app/login/page.tsx","statementMap":{"0":{"start":{"line":15,"column":24},"end":{"line":15,"column":null}},"1":{"start":{"line":5,"column":25},"end":{"line":5,"column":null}},"2":{"start":{"line":6,"column":26},"end":{"line":6,"column":null}},"3":{"start":{"line":7,"column":17},"end":{"line":7,"column":null}},"4":{"start":{"line":8,"column":74},"end":{"line":8,"column":null}},"5":{"start":{"line":9,"column":23},"end":{"line":9,"column":null}},"6":{"start":{"line":10,"column":22},"end":{"line":10,"column":null}},"7":{"start":{"line":11,"column":22},"end":{"line":11,"column":null}},"8":{"start":{"line":12,"column":24},"end":{"line":12,"column":null}},"9":{"start":{"line":13,"column":24},"end":{"line":13,"column":null}},"10":{"start":{"line":16,"column":34},"end":{"line":19,"column":null}},"11":{"start":{"line":20,"column":32},"end":{"line":20,"column":null}},"12":{"start":{"line":21,"column":28},"end":{"line":21,"column":null}},"13":{"start":{"line":23,"column":20},"end":{"line":23,"column":null}},"14":{"start":{"line":24,"column":17},"end":{"line":24,"column":null}},"15":{"start":{"line":26,"column":23},"end":{"line":39,"column":null}},"16":{"start":{"line":27,"column":4},"end":{"line":27,"column":null}},"17":{"start":{"line":28,"column":4},"end":{"line":28,"column":null}},"18":{"start":{"line":29,"column":4},"end":{"line":29,"column":null}},"19":{"start":{"line":31,"column":4},"end":{"line":38,"column":null}},"20":{"start":{"line":32,"column":6},"end":{"line":32,"column":null}},"21":{"start":{"line":33,"column":6},"end":{"line":33,"column":null}},"22":{"start":{"line":35,"column":6},"end":{"line":35,"column":null}},"23":{"start":{"line":37,"column":6},"end":{"line":37,"column":null}},"24":{"start":{"line":56,"column":33},"end":{"line":56,"column":null}},"25":{"start":{"line":56,"column":56},"end":{"line":56,"column":null}},"26":{"start":{"line":67,"column":33},"end":{"line":67,"column":null}},"27":{"start":{"line":67,"column":56},"end":{"line":67,"column":null}}},"fnMap":{"0":{"name":"LoginPage","decl":{"start":{"line":15,"column":24},"end":{"line":15,"column":null}},"loc":{"start":{"line":15,"column":24},"end":{"line":92,"column":null}}},"1":{"name":"(anonymous_3)","decl":{"start":{"line":26,"column":23},"end":{"line":26,"column":30}},"loc":{"start":{"line":26,"column":30},"end":{"line":39,"column":null}}},"2":{"name":"(anonymous_4)","decl":{"start":{"line":56,"column":26},"end":{"line":56,"column":27}},"loc":{"start":{"line":56,"column":33},"end":{"line":56,"column":null}}},"3":{"name":"(anonymous_5)","decl":{"start":{"line":56,"column":45},"end":{"line":56,"column":46}},"loc":{"start":{"line":56,"column":56},"end":{"line":56,"column":null}}},"4":{"name":"(anonymous_6)","decl":{"start":{"line":67,"column":26},"end":{"line":67,"column":27}},"loc":{"start":{"line":67,"column":33},"end":{"line":67,"column":null}}},"5":{"name":"(anonymous_7)","decl":{"start":{"line":67,"column":45},"end":{"line":67,"column":46}},"loc":{"start":{"line":67,"column":56},"end":{"line":67,"column":null}}}},"branchMap":{"0":{"loc":{"start":{"line":72,"column":13},"end":{"line":72,"column":22}},"type":"binary-expr","locations":[{"start":{"line":72,"column":13},"end":{"line":72,"column":22}}]},"1":{"loc":{"start":{"line":75,"column":15},"end":{"line":75,"column":26}},"type":"binary-expr","locations":[{"start":{"line":75,"column":15},"end":{"line":75,"column":26}}]}},"s":{"0":5,"1":1,"2":1,"3":1,"4":1,"5":1,"6":1,"7":1,"8":1,"9":1,"10":16,"11":16,"12":16,"13":16,"14":16,"15":16,"16":3,"17":3,"18":3,"19":3,"20":3,"21":1,"22":1,"23":2,"24":3,"25":3,"26":3,"27":3},"f":{"0":16,"1":3,"2":3,"3":3,"4":3,"5":3},"b":{"0":[16],"1":[16]}}
,"/Users/juan.berdugo/Documents/Proyectos/ensayoV0/ProjectApp/frontend/app/project/[id]/page.tsx": {"path":"/Users/juan.berdugo/Documents/Proyectos/ensayoV0/ProjectApp/frontend/app/project/[id]/page.tsx","statementMap":{"0":{"start":{"line":12,"column":24},"end":{"line":12,"column":null}},"1":{"start":{"line":3,"column":36},"end":{"line":3,"column":null}},"2":{"start":{"line":4,"column":37},"end":{"line":4,"column":null}},"3":{"start":{"line":5,"column":23},"end":{"line":5,"column":null}},"4":{"start":{"line":6,"column":22},"end":{"line":6,"column":null}},"5":{"start":{"line":7,"column":43},"end":{"line":7,"column":null}},"6":{"start":{"line":8,"column":49},"end":{"line":8,"column":null}},"7":{"start":{"line":9,"column":28},"end":{"line":9,"column":null}},"8":{"start":{"line":10,"column":37},"end":{"line":10,"column":null}},"9":{"start":{"line":13,"column":17},"end":{"line":13,"column":null}},"10":{"start":{"line":14,"column":17},"end":{"line":14,"column":null}},"11":{"start":{"line":15,"column":20},"end":{"line":15,"column":null}},"12":{"start":{"line":17,"column":32},"end":{"line":17,"column":null}},"13":{"start":{"line":18,"column":32},"end":{"line":18,"column":null}},"14":{"start":{"line":19,"column":56},"end":{"line":19,"column":null}},"15":{"start":{"line":21,"column":2},"end":{"line":25,"column":null}},"16":{"start":{"line":22,"column":4},"end":{"line":24,"column":null}},"17":{"start":{"line":23,"column":6},"end":{"line":23,"column":null}},"18":{"start":{"line":27,"column":22},"end":{"line":37,"column":null}},"19":{"start":{"line":28,"column":4},"end":{"line":36,"column":null}},"20":{"start":{"line":29,"column":19},"end":{"line":29,"column":null}},"21":{"start":{"line":30,"column":6},"end":{"line":30,"column":null}},"22":{"start":{"line":32,"column":26},"end":{"line":32,"column":null}},"23":{"start":{"line":33,"column":6},"end":{"line":33,"column":null}},"24":{"start":{"line":35,"column":6},"end":{"line":35,"column":null}},"25":{"start":{"line":39,"column":25},"end":{"line":52,"column":null}},"26":{"start":{"line":40,"column":4},"end":{"line":51,"column":null}},"27":{"start":{"line":42,"column":8},"end":{"line":42,"column":null}},"28":{"start":{"line":44,"column":8},"end":{"line":44,"column":null}},"29":{"start":{"line":46,"column":8},"end":{"line":46,"column":null}},"30":{"start":{"line":48,"column":8},"end":{"line":48,"column":null}},"31":{"start":{"line":50,"column":8},"end":{"line":50,"column":null}},"32":{"start":{"line":54,"column":2},"end":{"line":56,"column":null}},"33":{"start":{"line":58,"column":2},"end":{"line":60,"column":null}},"34":{"start":{"line":68,"column":63},"end":{"line":68,"column":null}},"35":{"start":{"line":82,"column":65},"end":{"line":82,"column":null}},"36":{"start":{"line":111,"column":85},"end":{"line":111,"column":40384}},"37":{"start":{"line":111,"column":89},"end":{"line":111,"column":40373}},"38":{"start":{"line":111,"column":40448},"end":{"line":111,"column":40489}},"39":{"start":{"line":111,"column":40452},"end":{"line":111,"column":40477}},"40":{"start":{"line":111,"column":40489},"end":{"line":111,"column":40497}},"41":{"start":{"line":111,"column":40499},"end":{"line":111,"column":40505}},"42":{"start":{"line":111,"column":40620},"end":{"line":111,"column":40626}},"43":{"start":{"line":111,"column":40741},"end":{"line":111,"column":40747}},"44":{"start":{"line":111,"column":40866},"end":{"line":111,"column":40872}},"45":{"start":{"line":111,"column":41016},"end":{"line":111,"column":41022}}},"fnMap":{"0":{"name":"ProjectPage","decl":{"start":{"line":12,"column":24},"end":{"line":12,"column":null}},"loc":{"start":{"line":12,"column":24},"end":{"line":104,"column":null}}},"1":{"name":"(anonymous_2)","decl":{"start":{"line":21,"column":12},"end":{"line":21,"column":null}},"loc":{"start":{"line":21,"column":12},"end":{"line":25,"column":5}}},"2":{"name":"(anonymous_3)","decl":{"start":{"line":27,"column":22},"end":{"line":27,"column":null}},"loc":{"start":{"line":27,"column":22},"end":{"line":37,"column":null}}},"3":{"name":"(anonymous_4)","decl":{"start":{"line":39,"column":25},"end":{"line":39,"column":26}},"loc":{"start":{"line":39,"column":26},"end":{"line":52,"column":null}}},"4":{"name":"(anonymous_5)","decl":{"start":{"line":68,"column":57},"end":{"line":68,"column":63}},"loc":{"start":{"line":68,"column":63},"end":{"line":68,"column":null}}},"5":{"name":"(anonymous_6)","decl":{"start":{"line":82,"column":59},"end":{"line":82,"column":65}},"loc":{"start":{"line":82,"column":65},"end":{"line":82,"column":null}}},"6":{"name":"oo_cm","decl":{"start":{"line":111,"column":77},"end":{"line":111,"column":85}},"loc":{"start":{"line":111,"column":77},"end":{"line":111,"column":40412}}},"7":{"name":"oo_oo","decl":{"start":{"line":111,"column":40421},"end":{"line":111,"column":40427}},"loc":{"start":{"line":111,"column":40446},"end":{"line":111,"column":40499}}}},"branchMap":{"0":{"loc":{"start":{"line":22,"column":4},"end":{"line":24,"column":null}},"type":"if","locations":[{"start":{"line":22,"column":4},"end":{"line":24,"column":null}}]},"1":{"loc":{"start":{"line":40,"column":4},"end":{"line":51,"column":null}},"type":"switch","locations":[{"start":{"line":41,"column":6},"end":{"line":42,"column":null}},{"start":{"line":43,"column":6},"end":{"line":44,"column":null}},{"start":{"line":45,"column":6},"end":{"line":46,"column":null}},{"start":{"line":47,"column":6},"end":{"line":48,"column":null}},{"start":{"line":49,"column":6},"end":{"line":50,"column":null}}]},"2":{"loc":{"start":{"line":54,"column":2},"end":{"line":56,"column":null}},"type":"if","locations":[{"start":{"line":54,"column":2},"end":{"line":56,"column":null}}]},"3":{"loc":{"start":{"line":58,"column":2},"end":{"line":60,"column":null}},"type":"if","locations":[{"start":{"line":58,"column":2},"end":{"line":60,"column":null}}]},"4":{"loc":{"start":{"line":111,"column":96},"end":{"line":111,"column":40373}},"type":"binary-expr","locations":[{"start":{"line":111,"column":96},"end":{"line":111,"column":137}},{"start":{"line":111,"column":137},"end":{"line":111,"column":40373}}]}},"s":{"0":17,"1":1,"2":1,"3":1,"4":1,"5":1,"6":1,"7":1,"8":1,"9":34,"10":34,"11":34,"12":34,"13":34,"14":34,"15":34,"16":17,"17":16,"18":34,"19":16,"20":16,"21":14,"22":1,"23":1,"24":15,"25":34,"26":15,"27":11,"28":1,"29":2,"30":1,"31":0,"32":34,"33":17,"34":1,"35":2,"36":1,"37":1,"38":0,"39":0,"40":0,"41":1,"42":1,"43":1,"44":1,"45":1},"f":{"0":34,"1":17,"2":16,"3":15,"4":1,"5":2,"6":1,"7":0},"b":{"0":[16],"1":[11,1,2,1,0],"2":[17],"3":[2],"4":[1,1]}}
,"/Users/juan.berdugo/Documents/Proyectos/ensayoV0/ProjectApp/frontend/app/register/page.tsx": {"path":"/Users/juan.berdugo/Documents/Proyectos/ensayoV0/ProjectApp/frontend/app/register/page.tsx","statementMap":{"0":{"start":{"line":15,"column":24},"end":{"line":15,"column":null}},"1":{"start":{"line":5,"column":25},"end":{"line":5,"column":null}},"2":{"start":{"line":6,"column":26},"end":{"line":6,"column":null}},"3":{"start":{"line":7,"column":17},"end":{"line":7,"column":null}},"4":{"start":{"line":8,"column":74},"end":{"line":8,"column":null}},"5":{"start":{"line":9,"column":23},"end":{"line":9,"column":null}},"6":{"start":{"line":10,"column":22},"end":{"line":10,"column":null}},"7":{"start":{"line":11,"column":22},"end":{"line":11,"column":null}},"8":{"start":{"line":12,"column":24},"end":{"line":12,"column":null}},"9":{"start":{"line":13,"column":24},"end":{"line":13,"column":null}},"10":{"start":{"line":16,"column":34},"end":{"line":21,"column":null}},"11":{"start":{"line":22,"column":32},"end":{"line":22,"column":null}},"12":{"start":{"line":23,"column":28},"end":{"line":23,"column":null}},"13":{"start":{"line":25,"column":23},"end":{"line":25,"column":null}},"14":{"start":{"line":26,"column":17},"end":{"line":26,"column":null}},"15":{"start":{"line":28,"column":23},"end":{"line":51,"column":null}},"16":{"start":{"line":29,"column":4},"end":{"line":29,"column":null}},"17":{"start":{"line":30,"column":4},"end":{"line":30,"column":null}},"18":{"start":{"line":31,"column":4},"end":{"line":31,"column":null}},"19":{"start":{"line":33,"column":4},"end":{"line":37,"column":null}},"20":{"start":{"line":34,"column":6},"end":{"line":34,"column":null}},"21":{"start":{"line":35,"column":6},"end":{"line":35,"column":null}},"22":{"start":{"line":36,"column":6},"end":{"line":36,"column":null}},"23":{"start":{"line":39,"column":4},"end":{"line":50,"column":null}},"24":{"start":{"line":40,"column":6},"end":{"line":44,"column":null}},"25":{"start":{"line":45,"column":6},"end":{"line":45,"column":null}},"26":{"start":{"line":47,"column":6},"end":{"line":47,"column":null}},"27":{"start":{"line":49,"column":6},"end":{"line":49,"column":null}},"28":{"start":{"line":68,"column":33},"end":{"line":68,"column":null}},"29":{"start":{"line":68,"column":56},"end":{"line":68,"column":null}},"30":{"start":{"line":79,"column":33},"end":{"line":79,"column":null}},"31":{"start":{"line":79,"column":56},"end":{"line":79,"column":null}},"32":{"start":{"line":90,"column":33},"end":{"line":90,"column":null}},"33":{"start":{"line":90,"column":56},"end":{"line":90,"column":null}},"34":{"start":{"line":101,"column":33},"end":{"line":101,"column":null}},"35":{"start":{"line":101,"column":56},"end":{"line":101,"column":null}}},"fnMap":{"0":{"name":"RegisterPage","decl":{"start":{"line":15,"column":24},"end":{"line":15,"column":null}},"loc":{"start":{"line":15,"column":24},"end":{"line":126,"column":null}}},"1":{"name":"(anonymous_3)","decl":{"start":{"line":28,"column":23},"end":{"line":28,"column":30}},"loc":{"start":{"line":28,"column":30},"end":{"line":51,"column":null}}},"2":{"name":"(anonymous_4)","decl":{"start":{"line":68,"column":26},"end":{"line":68,"column":27}},"loc":{"start":{"line":68,"column":33},"end":{"line":68,"column":null}}},"3":{"name":"(anonymous_5)","decl":{"start":{"line":68,"column":45},"end":{"line":68,"column":46}},"loc":{"start":{"line":68,"column":56},"end":{"line":68,"column":null}}},"4":{"name":"(anonymous_6)","decl":{"start":{"line":79,"column":26},"end":{"line":79,"column":27}},"loc":{"start":{"line":79,"column":33},"end":{"line":79,"column":null}}},"5":{"name":"(anonymous_7)","decl":{"start":{"line":79,"column":45},"end":{"line":79,"column":46}},"loc":{"start":{"line":79,"column":56},"end":{"line":79,"column":null}}},"6":{"name":"(anonymous_8)","decl":{"start":{"line":90,"column":26},"end":{"line":90,"column":27}},"loc":{"start":{"line":90,"column":33},"end":{"line":90,"column":null}}},"7":{"name":"(anonymous_9)","decl":{"start":{"line":90,"column":45},"end":{"line":90,"column":46}},"loc":{"start":{"line":90,"column":56},"end":{"line":90,"column":null}}},"8":{"name":"(anonymous_10)","decl":{"start":{"line":101,"column":26},"end":{"line":101,"column":27}},"loc":{"start":{"line":101,"column":33},"end":{"line":101,"column":null}}},"9":{"name":"(anonymous_11)","decl":{"start":{"line":101,"column":45},"end":{"line":101,"column":46}},"loc":{"start":{"line":101,"column":56},"end":{"line":101,"column":null}}}},"branchMap":{"0":{"loc":{"start":{"line":33,"column":4},"end":{"line":37,"column":null}},"type":"if","locations":[{"start":{"line":33,"column":4},"end":{"line":37,"column":null}}]},"1":{"loc":{"start":{"line":106,"column":13},"end":{"line":106,"column":22}},"type":"binary-expr","locations":[{"start":{"line":106,"column":13},"end":{"line":106,"column":22}}]},"2":{"loc":{"start":{"line":109,"column":15},"end":{"line":109,"column":26}},"type":"binary-expr","locations":[{"start":{"line":109,"column":15},"end":{"line":109,"column":26}}]}},"s":{"0":8,"1":1,"2":1,"3":1,"4":1,"5":1,"6":1,"7":1,"8":1,"9":1,"10":34,"11":34,"12":34,"13":34,"14":34,"15":34,"16":4,"17":4,"18":4,"19":4,"20":1,"21":1,"22":1,"23":3,"24":3,"25":1,"26":1,"27":2,"28":5,"29":5,"30":5,"31":5,"32":5,"33":5,"34":5,"35":5},"f":{"0":34,"1":4,"2":5,"3":5,"4":5,"5":5,"6":5,"7":5,"8":5,"9":5},"b":{"0":[1],"1":[34],"2":[34]}}
,"/Users/juan.berdugo/Documents/Proyectos/ensayoV0/ProjectApp/frontend/components/auth-guard.tsx": {"path":"/Users/juan.berdugo/Documents/Proyectos/ensayoV0/ProjectApp/frontend/components/auth-guard.tsx","statementMap":{"0":{"start":{"line":11,"column":16},"end":{"line":11,"column":26}},"1":{"start":{"line":5,"column":26},"end":{"line":5,"column":null}},"2":{"start":{"line":6,"column":39},"end":{"line":6,"column":null}},"3":{"start":{"line":7,"column":24},"end":{"line":7,"column":null}},"4":{"start":{"line":9,"column":21},"end":{"line":9,"column":null}},"5":{"start":{"line":12,"column":39},"end":{"line":12,"column":null}},"6":{"start":{"line":13,"column":17},"end":{"line":13,"column":null}},"7":{"start":{"line":14,"column":19},"end":{"line":14,"column":null}},"8":{"start":{"line":16,"column":2},"end":{"line":24,"column":null}},"9":{"start":{"line":17,"column":4},"end":{"line":23,"column":null}},"10":{"start":{"line":18,"column":6},"end":{"line":22,"column":null}},"11":{"start":{"line":19,"column":8},"end":{"line":19,"column":null}},"12":{"start":{"line":20,"column":13},"end":{"line":22,"column":null}},"13":{"start":{"line":21,"column":8},"end":{"line":21,"column":null}},"14":{"start":{"line":26,"column":2},"end":{"line":32,"column":null}},"15":{"start":{"line":35,"column":2},"end":{"line":37,"column":null}},"16":{"start":{"line":40,"column":2},"end":{"line":40,"column":null}}},"fnMap":{"0":{"name":"AuthGuard","decl":{"start":{"line":11,"column":16},"end":{"line":11,"column":26}},"loc":{"start":{"line":11,"column":69},"end":{"line":41,"column":null}}},"1":{"name":"(anonymous_2)","decl":{"start":{"line":16,"column":12},"end":{"line":16,"column":null}},"loc":{"start":{"line":16,"column":12},"end":{"line":24,"column":5}}}},"branchMap":{"0":{"loc":{"start":{"line":17,"column":4},"end":{"line":23,"column":null}},"type":"if","locations":[{"start":{"line":17,"column":4},"end":{"line":23,"column":null}}]},"1":{"loc":{"start":{"line":18,"column":6},"end":{"line":22,"column":null}},"type":"if","locations":[{"start":{"line":18,"column":6},"end":{"line":22,"column":null}},{"start":{"line":20,"column":13},"end":{"line":22,"column":null}}]},"2":{"loc":{"start":{"line":18,"column":10},"end":{"line":18,"column":64}},"type":"binary-expr","locations":[{"start":{"line":18,"column":10},"end":{"line":18,"column":30}},{"start":{"line":18,"column":30},"end":{"line":18,"column":64}}]},"3":{"loc":{"start":{"line":20,"column":13},"end":{"line":22,"column":null}},"type":"if","locations":[{"start":{"line":20,"column":13},"end":{"line":22,"column":null}}]},"4":{"loc":{"start":{"line":20,"column":17},"end":{"line":20,"column":69}},"type":"binary-expr","locations":[{"start":{"line":20,"column":17},"end":{"line":20,"column":36}},{"start":{"line":20,"column":36},"end":{"line":20,"column":69}}]},"5":{"loc":{"start":{"line":26,"column":2},"end":{"line":32,"column":null}},"type":"if","locations":[{"start":{"line":26,"column":2},"end":{"line":32,"column":null}}]},"6":{"loc":{"start":{"line":35,"column":2},"end":{"line":37,"column":null}},"type":"if","locations":[{"start":{"line":35,"column":2},"end":{"line":37,"column":null}}]},"7":{"loc":{"start":{"line":35,"column":6},"end":{"line":35,"column":58}},"type":"binary-expr","locations":[{"start":{"line":35,"column":6},"end":{"line":35,"column":25}},{"start":{"line":35,"column":25},"end":{"line":35,"column":58}}]}},"s":{"0":4,"1":1,"2":1,"3":1,"4":1,"5":4,"6":4,"7":4,"8":4,"9":4,"10":3,"11":1,"12":2,"13":0,"14":4,"15":3,"16":1},"f":{"0":4,"1":4},"b":{"0":[3],"1":[1,2],"2":[3,2],"3":[0],"4":[2,1],"5":[1],"6":[2],"7":[3,2]}}
,"/Users/juan.berdugo/Documents/Proyectos/ensayoV0/ProjectApp/frontend/components/kanban-board.tsx": {"path":"/Users/juan.berdugo/Documents/Proyectos/ensayoV0/ProjectApp/frontend/components/kanban-board.tsx","statementMap":{"0":{"start":{"line":33,"column":16},"end":{"line":33,"column":28}},"1":{"start":{"line":5,"column":36},"end":{"line":5,"column":null}},"2":{"start":{"line":6,"column":57},"end":{"line":6,"column":null}},"3":{"start":{"line":7,"column":22},"end":{"line":7,"column":null}},"4":{"start":{"line":8,"column":23},"end":{"line":8,"column":null}},"5":{"start":{"line":9,"column":37},"end":{"line":9,"column":null}},"6":{"start":{"line":10,"column":46},"end":{"line":10,"column":null}},"7":{"start":{"line":11,"column":27},"end":{"line":11,"column":null}},"8":{"start":{"line":12,"column":55},"end":{"line":12,"column":null}},"9":{"start":{"line":13,"column":31},"end":{"line":13,"column":null}},"10":{"start":{"line":19,"column":16},"end":{"line":24,"column":null}},"11":{"start":{"line":26,"column":24},"end":{"line":31,"column":null}},"12":{"start":{"line":34,"column":28},"end":{"line":34,"column":null}},"13":{"start":{"line":35,"column":32},"end":{"line":35,"column":null}},"14":{"start":{"line":36,"column":42},"end":{"line":36,"column":null}},"15":{"start":{"line":37,"column":50},"end":{"line":37,"column":null}},"16":{"start":{"line":38,"column":40},"end":{"line":38,"column":null}},"17":{"start":{"line":40,"column":32},"end":{"line":48,"column":null}},"18":{"start":{"line":50,"column":24},"end":{"line":50,"column":null}},"19":{"start":{"line":52,"column":2},"end":{"line":54,"column":null}},"20":{"start":{"line":53,"column":4},"end":{"line":53,"column":null}},"21":{"start":{"line":56,"column":20},"end":{"line":65,"column":null}},"22":{"start":{"line":57,"column":4},"end":{"line":64,"column":null}},"23":{"start":{"line":58,"column":19},"end":{"line":58,"column":null}},"24":{"start":{"line":59,"column":6},"end":{"line":59,"column":null}},"25":{"start":{"line":61,"column":26},"end":{"line":61,"column":null}},"26":{"start":{"line":63,"column":6},"end":{"line":63,"column":null}},"27":{"start":{"line":67,"column":27},"end":{"line":87,"column":null}},"28":{"start":{"line":68,"column":4},"end":{"line":86,"column":null}},"29":{"start":{"line":69,"column":19},"end":{"line":69,"column":null}},"30":{"start":{"line":69,"column":37},"end":{"line":69,"column":null}},"31":{"start":{"line":70,"column":6},"end":{"line":70,"column":null}},"32":{"start":{"line":70,"column":17},"end":{"line":70,"column":null}},"33":{"start":{"line":72,"column":6},"end":{"line":81,"column":null}},"34":{"start":{"line":80,"column":41},"end":{"line":80,"column":45}},"35":{"start":{"line":83,"column":6},"end":{"line":83,"column":null}},"36":{"start":{"line":83,"column":25},"end":{"line":83,"column":null}},"37":{"start":{"line":83,"column":42},"end":{"line":83,"column":null}},"38":{"start":{"line":85,"column":26},"end":{"line":85,"column":null}},"39":{"start":{"line":89,"column":26},"end":{"line":94,"column":null}},"40":{"start":{"line":90,"column":4},"end":{"line":90,"column":null}},"41":{"start":{"line":91,"column":4},"end":{"line":93,"column":null}},"42":{"start":{"line":92,"column":6},"end":{"line":92,"column":null}},"43":{"start":{"line":96,"column":25},"end":{"line":101,"column":null}},"44":{"start":{"line":97,"column":4},"end":{"line":97,"column":null}},"45":{"start":{"line":98,"column":4},"end":{"line":100,"column":null}},"46":{"start":{"line":99,"column":6},"end":{"line":99,"column":null}},"47":{"start":{"line":103,"column":21},"end":{"line":109,"column":null}},"48":{"start":{"line":104,"column":4},"end":{"line":104,"column":null}},"49":{"start":{"line":105,"column":4},"end":{"line":107,"column":null}},"50":{"start":{"line":106,"column":6},"end":{"line":106,"column":null}},"51":{"start":{"line":108,"column":4},"end":{"line":108,"column":null}},"52":{"start":{"line":111,"column":25},"end":{"line":114,"column":null}},"53":{"start":{"line":112,"column":4},"end":{"line":112,"column":null}},"54":{"start":{"line":113,"column":4},"end":{"line":113,"column":null}},"55":{"start":{"line":116,"column":26},"end":{"line":120,"column":null}},"56":{"start":{"line":117,"column":4},"end":{"line":117,"column":null}},"57":{"start":{"line":118,"column":4},"end":{"line":118,"column":null}},"58":{"start":{"line":119,"column":4},"end":{"line":119,"column":null}},"59":{"start":{"line":122,"column":2},"end":{"line":124,"column":null}},"60":{"start":{"line":135,"column":8},"end":{"line":136,"column":null}},"61":{"start":{"line":139,"column":25},"end":{"line":139,"column":null}},"62":{"start":{"line":143,"column":61},"end":{"line":143,"column":79}},"63":{"start":{"line":150,"column":32},"end":{"line":150,"column":57}},"64":{"start":{"line":152,"column":16},"end":{"line":153,"column":null}},"65":{"start":{"line":156,"column":38},"end":{"line":156,"column":null}},"66":{"start":{"line":157,"column":33},"end":{"line":157,"column":null}},"67":{"start":{"line":170,"column":24},"end":{"line":171,"column":null}},"68":{"start":{"line":223,"column":85},"end":{"line":223,"column":40384}},"69":{"start":{"line":223,"column":89},"end":{"line":223,"column":40373}},"70":{"start":{"line":223,"column":40448},"end":{"line":223,"column":40489}},"71":{"start":{"line":223,"column":40452},"end":{"line":223,"column":40477}},"72":{"start":{"line":223,"column":40489},"end":{"line":223,"column":40497}},"73":{"start":{"line":223,"column":40499},"end":{"line":223,"column":40505}},"74":{"start":{"line":223,"column":40620},"end":{"line":223,"column":40626}},"75":{"start":{"line":223,"column":40741},"end":{"line":223,"column":40747}},"76":{"start":{"line":223,"column":40866},"end":{"line":223,"column":40872}},"77":{"start":{"line":223,"column":41016},"end":{"line":223,"column":41022}}},"fnMap":{"0":{"name":"KanbanBoard","decl":{"start":{"line":33,"column":16},"end":{"line":33,"column":28}},"loc":{"start":{"line":33,"column":59},"end":{"line":216,"column":null}}},"1":{"name":"(anonymous_2)","decl":{"start":{"line":52,"column":12},"end":{"line":52,"column":null}},"loc":{"start":{"line":52,"column":12},"end":{"line":54,"column":5}}},"2":{"name":"(anonymous_3)","decl":{"start":{"line":56,"column":20},"end":{"line":56,"column":null}},"loc":{"start":{"line":56,"column":20},"end":{"line":65,"column":null}}},"3":{"name":"(anonymous_4)","decl":{"start":{"line":67,"column":27},"end":{"line":67,"column":34}},"loc":{"start":{"line":67,"column":50},"end":{"line":87,"column":null}}},"4":{"name":"(anonymous_5)","decl":{"start":{"line":69,"column":30},"end":{"line":69,"column":31}},"loc":{"start":{"line":69,"column":37},"end":{"line":69,"column":null}}},"5":{"name":"(anonymous_6)","decl":{"start":{"line":80,"column":34},"end":{"line":80,"column":35}},"loc":{"start":{"line":80,"column":41},"end":{"line":80,"column":45}}},"6":{"name":"(anonymous_7)","decl":{"start":{"line":83,"column":15},"end":{"line":83,"column":16}},"loc":{"start":{"line":83,"column":25},"end":{"line":83,"column":null}}},"7":{"name":"(anonymous_8)","decl":{"start":{"line":83,"column":34},"end":{"line":83,"column":35}},"loc":{"start":{"line":83,"column":42},"end":{"line":83,"column":null}}},"8":{"name":"(anonymous_9)","decl":{"start":{"line":89,"column":26},"end":{"line":89,"column":27}},"loc":{"start":{"line":89,"column":47},"end":{"line":94,"column":null}}},"9":{"name":"(anonymous_10)","decl":{"start":{"line":96,"column":25},"end":{"line":96,"column":26}},"loc":{"start":{"line":96,"column":26},"end":{"line":101,"column":null}}},"10":{"name":"(anonymous_11)","decl":{"start":{"line":103,"column":21},"end":{"line":103,"column":22}},"loc":{"start":{"line":103,"column":42},"end":{"line":109,"column":null}}},"11":{"name":"(anonymous_12)","decl":{"start":{"line":111,"column":25},"end":{"line":111,"column":26}},"loc":{"start":{"line":111,"column":26},"end":{"line":114,"column":null}}},"12":{"name":"(anonymous_13)","decl":{"start":{"line":116,"column":26},"end":{"line":116,"column":null}},"loc":{"start":{"line":116,"column":26},"end":{"line":120,"column":null}}},"13":{"name":"(anonymous_14)","decl":{"start":{"line":134,"column":19},"end":{"line":134,"column":20}},"loc":{"start":{"line":135,"column":8},"end":{"line":136,"column":null}}},"14":{"name":"(anonymous_15)","decl":{"start":{"line":139,"column":18},"end":{"line":139,"column":19}},"loc":{"start":{"line":139,"column":25},"end":{"line":139,"column":null}}},"15":{"name":"(anonymous_16)","decl":{"start":{"line":143,"column":55},"end":{"line":143,"column":61}},"loc":{"start":{"line":143,"column":61},"end":{"line":143,"column":79}}},"16":{"name":"(anonymous_17)","decl":{"start":{"line":150,"column":22},"end":{"line":150,"column":23}},"loc":{"start":{"line":150,"column":32},"end":{"line":150,"column":57}}},"17":{"name":"(anonymous_18)","decl":{"start":{"line":151,"column":19},"end":{"line":151,"column":20}},"loc":{"start":{"line":152,"column":16},"end":{"line":153,"column":null}}},"18":{"name":"(anonymous_19)","decl":{"start":{"line":156,"column":31},"end":{"line":156,"column":32}},"loc":{"start":{"line":156,"column":38},"end":{"line":156,"column":null}}},"19":{"name":"(anonymous_20)","decl":{"start":{"line":157,"column":27},"end":{"line":157,"column":33}},"loc":{"start":{"line":157,"column":33},"end":{"line":157,"column":null}}},"20":{"name":"(anonymous_21)","decl":{"start":{"line":169,"column":39},"end":{"line":169,"column":40}},"loc":{"start":{"line":170,"column":24},"end":{"line":171,"column":null}}},"21":{"name":"oo_cm","decl":{"start":{"line":223,"column":77},"end":{"line":223,"column":85}},"loc":{"start":{"line":223,"column":77},"end":{"line":223,"column":40412}}},"22":{"name":"oo_oo","decl":{"start":{"line":223,"column":40421},"end":{"line":223,"column":40427}},"loc":{"start":{"line":223,"column":40446},"end":{"line":223,"column":40499}}}},"branchMap":{"0":{"loc":{"start":{"line":70,"column":6},"end":{"line":70,"column":null}},"type":"if","locations":[{"start":{"line":70,"column":6},"end":{"line":70,"column":null}}]},"1":{"loc":{"start":{"line":83,"column":42},"end":{"line":83,"column":null}},"type":"cond-expr","locations":[{"start":{"line":83,"column":60},"end":{"line":83,"column":97}},{"start":{"line":83,"column":97},"end":{"line":83,"column":null}}]},"2":{"loc":{"start":{"line":91,"column":4},"end":{"line":93,"column":null}},"type":"if","locations":[{"start":{"line":91,"column":4},"end":{"line":93,"column":null}}]},"3":{"loc":{"start":{"line":98,"column":4},"end":{"line":100,"column":null}},"type":"if","locations":[{"start":{"line":98,"column":4},"end":{"line":100,"column":null}}]},"4":{"loc":{"start":{"line":105,"column":4},"end":{"line":107,"column":null}},"type":"if","locations":[{"start":{"line":105,"column":4},"end":{"line":107,"column":null}}]},"5":{"loc":{"start":{"line":105,"column":8},"end":{"line":105,"column":54}},"type":"binary-expr","locations":[{"start":{"line":105,"column":8},"end":{"line":105,"column":23}},{"start":{"line":105,"column":23},"end":{"line":105,"column":54}}]},"6":{"loc":{"start":{"line":112,"column":20},"end":{"line":112,"column":null}},"type":"binary-expr","locations":[{"start":{"line":112,"column":20},"end":{"line":112,"column":28}},{"start":{"line":112,"column":28},"end":{"line":112,"column":null}}]},"7":{"loc":{"start":{"line":122,"column":2},"end":{"line":124,"column":null}},"type":"if","locations":[{"start":{"line":122,"column":2},"end":{"line":124,"column":null}}]},"8":{"loc":{"start":{"line":166,"column":21},"end":{"line":166,"column":37}},"type":"binary-expr","locations":[{"start":{"line":166,"column":21},"end":{"line":166,"column":37}}]},"9":{"loc":{"start":{"line":183,"column":25},"end":{"line":183,"column":40}},"type":"binary-expr","locations":[{"start":{"line":183,"column":25},"end":{"line":183,"column":40}}]},"10":{"loc":{"start":{"line":189,"column":25},"end":{"line":189,"column":37}},"type":"binary-expr","locations":[{"start":{"line":189,"column":25},"end":{"line":189,"column":37}}]},"11":{"loc":{"start":{"line":223,"column":96},"end":{"line":223,"column":40373}},"type":"binary-expr","locations":[{"start":{"line":223,"column":96},"end":{"line":223,"column":137}},{"start":{"line":223,"column":137},"end":{"line":223,"column":40373}}]}},"s":{"0":6,"1":1,"2":1,"3":1,"4":1,"5":1,"6":1,"7":1,"8":1,"9":1,"10":1,"11":1,"12":15,"13":15,"14":15,"15":15,"16":15,"17":15,"18":15,"19":15,"20":6,"21":15,"22":6,"23":6,"24":6,"25":0,"26":6,"27":15,"28":1,"29":1,"30":1,"31":1,"32":0,"33":1,"34":0,"35":1,"36":1,"37":2,"38":0,"39":15,"40":1,"41":1,"42":1,"43":15,"44":1,"45":1,"46":1,"47":15,"48":1,"49":1,"50":1,"51":1,"52":15,"53":1,"54":1,"55":15,"56":0,"57":0,"58":0,"59":15,"60":36,"61":1,"62":0,"63":72,"64":18,"65":1,"66":1,"67":0,"68":0,"69":0,"70":0,"71":0,"72":0,"73":1,"74":1,"75":1,"76":1,"77":1},"f":{"0":15,"1":6,"2":6,"3":1,"4":1,"5":0,"6":1,"7":2,"8":1,"9":1,"10":1,"11":1,"12":0,"13":36,"14":1,"15":0,"16":72,"17":18,"18":1,"19":1,"20":0,"21":0,"22":0},"b":{"0":[0],"1":[1,1],"2":[1],"3":[1],"4":[1],"5":[1,1],"6":[1,0],"7":[6],"8":[18],"9":[18],"10":[18],"11":[0,0]}}
,"/Users/juan.berdugo/Documents/Proyectos/ensayoV0/ProjectApp/frontend/components/project-dialog.tsx": {"path":"/Users/juan.berdugo/Documents/Proyectos/ensayoV0/ProjectApp/frontend/components/project-dialog.tsx","statementMap":{"0":{"start":{"line":21,"column":16},"end":{"line":21,"column":30}},"1":{"start":{"line":5,"column":36},"end":{"line":5,"column":null}},"2":{"start":{"line":6,"column":84},"end":{"line":6,"column":null}},"3":{"start":{"line":7,"column":23},"end":{"line":7,"column":null}},"4":{"start":{"line":8,"column":22},"end":{"line":8,"column":null}},"5":{"start":{"line":9,"column":25},"end":{"line":9,"column":null}},"6":{"start":{"line":10,"column":22},"end":{"line":10,"column":null}},"7":{"start":{"line":11,"column":78},"end":{"line":11,"column":null}},"8":{"start":{"line":12,"column":70},"end":{"line":12,"column":null}},"9":{"start":{"line":22,"column":34},"end":{"line":26,"column":null}},"10":{"start":{"line":27,"column":32},"end":{"line":27,"column":null}},"11":{"start":{"line":29,"column":2},"end":{"line":45,"column":null}},"12":{"start":{"line":30,"column":4},"end":{"line":44,"column":null}},"13":{"start":{"line":31,"column":6},"end":{"line":43,"column":null}},"14":{"start":{"line":32,"column":8},"end":{"line":36,"column":null}},"15":{"start":{"line":38,"column":8},"end":{"line":42,"column":null}},"16":{"start":{"line":47,"column":23},"end":{"line":63,"column":null}},"17":{"start":{"line":48,"column":4},"end":{"line":48,"column":null}},"18":{"start":{"line":49,"column":4},"end":{"line":49,"column":null}},"19":{"start":{"line":51,"column":4},"end":{"line":62,"column":null}},"20":{"start":{"line":52,"column":6},"end":{"line":56,"column":null}},"21":{"start":{"line":53,"column":8},"end":{"line":53,"column":null}},"22":{"start":{"line":55,"column":8},"end":{"line":55,"column":null}},"23":{"start":{"line":57,"column":6},"end":{"line":57,"column":null}},"24":{"start":{"line":59,"column":26},"end":{"line":59,"column":null}},"25":{"start":{"line":61,"column":6},"end":{"line":61,"column":null}},"26":{"start":{"line":65,"column":23},"end":{"line":77,"column":null}},"27":{"start":{"line":66,"column":4},"end":{"line":66,"column":null}},"28":{"start":{"line":66,"column":18},"end":{"line":66,"column":null}},"29":{"start":{"line":68,"column":4},"end":{"line":68,"column":null}},"30":{"start":{"line":69,"column":4},"end":{"line":76,"column":null}},"31":{"start":{"line":70,"column":6},"end":{"line":70,"column":null}},"32":{"start":{"line":71,"column":6},"end":{"line":71,"column":null}},"33":{"start":{"line":73,"column":26},"end":{"line":73,"column":null}},"34":{"start":{"line":75,"column":6},"end":{"line":75,"column":null}},"35":{"start":{"line":95,"column":31},"end":{"line":95,"column":null}},"36":{"start":{"line":95,"column":54},"end":{"line":95,"column":null}},"37":{"start":{"line":105,"column":31},"end":{"line":105,"column":null}},"38":{"start":{"line":105,"column":54},"end":{"line":105,"column":null}},"39":{"start":{"line":114,"column":40},"end":{"line":114,"column":null}},"40":{"start":{"line":114,"column":63},"end":{"line":114,"column":null}},"41":{"start":{"line":137,"column":69},"end":{"line":137,"column":90}},"42":{"start":{"line":156,"column":85},"end":{"line":156,"column":40384}},"43":{"start":{"line":156,"column":89},"end":{"line":156,"column":40373}},"44":{"start":{"line":156,"column":40448},"end":{"line":156,"column":40489}},"45":{"start":{"line":156,"column":40452},"end":{"line":156,"column":40477}},"46":{"start":{"line":156,"column":40489},"end":{"line":156,"column":40497}},"47":{"start":{"line":156,"column":40499},"end":{"line":156,"column":40505}},"48":{"start":{"line":156,"column":40620},"end":{"line":156,"column":40626}},"49":{"start":{"line":156,"column":40741},"end":{"line":156,"column":40747}},"50":{"start":{"line":156,"column":40866},"end":{"line":156,"column":40872}},"51":{"start":{"line":156,"column":41016},"end":{"line":156,"column":41022}}},"fnMap":{"0":{"name":"ProjectDialog","decl":{"start":{"line":21,"column":16},"end":{"line":21,"column":30}},"loc":{"start":{"line":21,"column":89},"end":{"line":149,"column":null}}},"1":{"name":"(anonymous_2)","decl":{"start":{"line":29,"column":12},"end":{"line":29,"column":null}},"loc":{"start":{"line":29,"column":12},"end":{"line":45,"column":5}}},"2":{"name":"(anonymous_3)","decl":{"start":{"line":47,"column":23},"end":{"line":47,"column":30}},"loc":{"start":{"line":47,"column":30},"end":{"line":63,"column":null}}},"3":{"name":"(anonymous_4)","decl":{"start":{"line":65,"column":23},"end":{"line":65,"column":null}},"loc":{"start":{"line":65,"column":23},"end":{"line":77,"column":null}}},"4":{"name":"(anonymous_5)","decl":{"start":{"line":95,"column":24},"end":{"line":95,"column":25}},"loc":{"start":{"line":95,"column":31},"end":{"line":95,"column":null}}},"5":{"name":"(anonymous_6)","decl":{"start":{"line":95,"column":43},"end":{"line":95,"column":44}},"loc":{"start":{"line":95,"column":54},"end":{"line":95,"column":null}}},"6":{"name":"(anonymous_7)","decl":{"start":{"line":105,"column":24},"end":{"line":105,"column":25}},"loc":{"start":{"line":105,"column":31},"end":{"line":105,"column":null}}},"7":{"name":"(anonymous_8)","decl":{"start":{"line":105,"column":43},"end":{"line":105,"column":44}},"loc":{"start":{"line":105,"column":54},"end":{"line":105,"column":null}}},"8":{"name":"(anonymous_9)","decl":{"start":{"line":114,"column":29},"end":{"line":114,"column":30}},"loc":{"start":{"line":114,"column":40},"end":{"line":114,"column":null}}},"9":{"name":"(anonymous_10)","decl":{"start":{"line":114,"column":52},"end":{"line":114,"column":53}},"loc":{"start":{"line":114,"column":63},"end":{"line":114,"column":null}}},"10":{"name":"(anonymous_11)","decl":{"start":{"line":137,"column":63},"end":{"line":137,"column":69}},"loc":{"start":{"line":137,"column":69},"end":{"line":137,"column":90}}},"11":{"name":"oo_cm","decl":{"start":{"line":156,"column":77},"end":{"line":156,"column":85}},"loc":{"start":{"line":156,"column":77},"end":{"line":156,"column":40412}}},"12":{"name":"oo_oo","decl":{"start":{"line":156,"column":40421},"end":{"line":156,"column":40427}},"loc":{"start":{"line":156,"column":40446},"end":{"line":156,"column":40499}}}},"branchMap":{"0":{"loc":{"start":{"line":30,"column":4},"end":{"line":44,"column":null}},"type":"if","locations":[{"start":{"line":30,"column":4},"end":{"line":44,"column":null}}]},"1":{"loc":{"start":{"line":31,"column":6},"end":{"line":43,"column":null}},"type":"if","locations":[{"start":{"line":31,"column":6},"end":{"line":43,"column":null}},{"start":{"line":37,"column":13},"end":{"line":43,"column":null}}]},"2":{"loc":{"start":{"line":52,"column":6},"end":{"line":56,"column":null}},"type":"if","locations":[{"start":{"line":52,"column":6},"end":{"line":56,"column":null}},{"start":{"line":54,"column":13},"end":{"line":56,"column":null}}]},"3":{"loc":{"start":{"line":66,"column":4},"end":{"line":66,"column":null}},"type":"if","locations":[{"start":{"line":66,"column":4},"end":{"line":66,"column":null}}]},"4":{"loc":{"start":{"line":83,"column":24},"end":{"line":83,"column":null}},"type":"cond-expr","locations":[{"start":{"line":83,"column":34},"end":{"line":83,"column":51}},{"start":{"line":83,"column":51},"end":{"line":83,"column":null}}]},"5":{"loc":{"start":{"line":85,"column":13},"end":{"line":85,"column":null}},"type":"cond-expr","locations":[{"start":{"line":85,"column":23},"end":{"line":85,"column":50}},{"start":{"line":85,"column":50},"end":{"line":85,"column":null}}]},"6":{"loc":{"start":{"line":130,"column":15},"end":{"line":130,"column":null}},"type":"binary-expr","locations":[{"start":{"line":130,"column":15},"end":{"line":130,"column":null}}]},"7":{"loc":{"start":{"line":141,"column":17},"end":{"line":141,"column":null}},"type":"cond-expr","locations":[{"start":{"line":141,"column":27},"end":{"line":141,"column":41}},{"start":{"line":141,"column":41},"end":{"line":141,"column":null}}]},"8":{"loc":{"start":{"line":141,"column":41},"end":{"line":141,"column":null}},"type":"cond-expr","locations":[{"start":{"line":141,"column":51},"end":{"line":141,"column":62}},{"start":{"line":141,"column":62},"end":{"line":141,"column":null}}]},"9":{"loc":{"start":{"line":156,"column":96},"end":{"line":156,"column":40373}},"type":"binary-expr","locations":[{"start":{"line":156,"column":96},"end":{"line":156,"column":137}},{"start":{"line":156,"column":137},"end":{"line":156,"column":40373}}]}},"s":{"0":14,"1":2,"2":2,"3":2,"4":2,"5":2,"6":2,"7":2,"8":2,"9":22,"10":22,"11":22,"12":14,"13":4,"14":1,"15":3,"16":22,"17":1,"18":1,"19":1,"20":1,"21":0,"22":1,"23":1,"24":0,"25":1,"26":22,"27":0,"28":0,"29":0,"30":0,"31":0,"32":0,"33":0,"34":0,"35":1,"36":1,"37":1,"38":1,"39":0,"40":0,"41":0,"42":0,"43":0,"44":0,"45":0,"46":0,"47":2,"48":2,"49":2,"50":2,"51":2},"f":{"0":22,"1":14,"2":1,"3":0,"4":1,"5":1,"6":1,"7":1,"8":0,"9":0,"10":0,"11":0,"12":0},"b":{"0":[4],"1":[1,3],"2":[0,1],"3":[0],"4":[2,20],"5":[2,20],"6":[22],"7":[1,21],"8":[2,19],"9":[0,0]}}
,"/Users/juan.berdugo/Documents/Proyectos/ensayoV0/ProjectApp/frontend/components/project-filters.tsx": {"path":"/Users/juan.berdugo/Documents/Proyectos/ensayoV0/ProjectApp/frontend/components/project-filters.tsx","statementMap":{"0":{"start":{"line":28,"column":16},"end":{"line":28,"column":40}},"1":{"start":{"line":3,"column":25},"end":{"line":3,"column":null}},"2":{"start":{"line":4,"column":22},"end":{"line":4,"column":null}},"3":{"start":{"line":5,"column":23},"end":{"line":5,"column":null}},"4":{"start":{"line":6,"column":22},"end":{"line":6,"column":null}},"5":{"start":{"line":7,"column":78},"end":{"line":7,"column":null}},"6":{"start":{"line":8,"column":34},"end":{"line":8,"column":null}},"7":{"start":{"line":9,"column":80},"end":{"line":9,"column":null}},"8":{"start":{"line":29,"column":42},"end":{"line":29,"column":null}},"9":{"start":{"line":31,"column":23},"end":{"line":33,"column":null}},"10":{"start":{"line":32,"column":4},"end":{"line":32,"column":null}},"11":{"start":{"line":35,"column":23},"end":{"line":44,"column":null}},"12":{"start":{"line":36,"column":4},"end":{"line":43,"column":null}},"13":{"start":{"line":46,"column":26},"end":{"line":48,"column":null}},"14":{"start":{"line":47,"column":4},"end":{"line":47,"column":null}},"15":{"start":{"line":50,"column":28},"end":{"line":53,"column":null}},"16":{"start":{"line":51,"column":21},"end":{"line":51,"column":null}},"17":{"start":{"line":51,"column":53},"end":{"line":51,"column":64}},"18":{"start":{"line":52,"column":4},"end":{"line":52,"column":null}},"19":{"start":{"line":55,"column":32},"end":{"line":62,"column":null}},"20":{"start":{"line":56,"column":16},"end":{"line":56,"column":null}},"21":{"start":{"line":57,"column":4},"end":{"line":57,"column":null}},"22":{"start":{"line":57,"column":24},"end":{"line":57,"column":null}},"23":{"start":{"line":58,"column":4},"end":{"line":58,"column":null}},"24":{"start":{"line":58,"column":24},"end":{"line":58,"column":null}},"25":{"start":{"line":59,"column":4},"end":{"line":59,"column":null}},"26":{"start":{"line":59,"column":27},"end":{"line":59,"column":null}},"27":{"start":{"line":60,"column":4},"end":{"line":60,"column":null}},"28":{"start":{"line":60,"column":27},"end":{"line":60,"column":null}},"29":{"start":{"line":61,"column":4},"end":{"line":61,"column":null}},"30":{"start":{"line":64,"column":29},"end":{"line":64,"column":null}},"31":{"start":{"line":77,"column":33},"end":{"line":77,"column":null}},"32":{"start":{"line":83,"column":71},"end":{"line":83,"column":null}},"33":{"start":{"line":98,"column":31},"end":{"line":98,"column":null}},"34":{"start":{"line":121,"column":78},"end":{"line":121,"column":null}},"35":{"start":{"line":128,"column":24},"end":{"line":128,"column":50}},"36":{"start":{"line":142,"column":77},"end":{"line":142,"column":null}},"37":{"start":{"line":165,"column":78},"end":{"line":165,"column":null}}},"fnMap":{"0":{"name":"ProjectFiltersComponent","decl":{"start":{"line":28,"column":16},"end":{"line":28,"column":40}},"loc":{"start":{"line":28,"column":114},"end":{"line":215,"column":null}}},"1":{"name":"(anonymous_2)","decl":{"start":{"line":31,"column":23},"end":{"line":31,"column":24}},"loc":{"start":{"line":31,"column":51},"end":{"line":33,"column":null}}},"2":{"name":"(anonymous_3)","decl":{"start":{"line":35,"column":23},"end":{"line":35,"column":null}},"loc":{"start":{"line":35,"column":23},"end":{"line":44,"column":null}}},"3":{"name":"(anonymous_4)","decl":{"start":{"line":46,"column":26},"end":{"line":46,"column":null}},"loc":{"start":{"line":46,"column":26},"end":{"line":48,"column":null}}},"4":{"name":"(anonymous_5)","decl":{"start":{"line":50,"column":28},"end":{"line":50,"column":null}},"loc":{"start":{"line":50,"column":28},"end":{"line":53,"column":null}}},"5":{"name":"(anonymous_6)","decl":{"start":{"line":51,"column":46},"end":{"line":51,"column":47}},"loc":{"start":{"line":51,"column":53},"end":{"line":51,"column":64}}},"6":{"name":"(anonymous_7)","decl":{"start":{"line":55,"column":32},"end":{"line":55,"column":null}},"loc":{"start":{"line":55,"column":32},"end":{"line":62,"column":null}}},"7":{"name":"(anonymous_8)","decl":{"start":{"line":77,"column":26},"end":{"line":77,"column":27}},"loc":{"start":{"line":77,"column":33},"end":{"line":77,"column":null}}},"8":{"name":"(anonymous_9)","decl":{"start":{"line":83,"column":60},"end":{"line":83,"column":61}},"loc":{"start":{"line":83,"column":71},"end":{"line":83,"column":null}}},"9":{"name":"(anonymous_10)","decl":{"start":{"line":98,"column":25},"end":{"line":98,"column":31}},"loc":{"start":{"line":98,"column":31},"end":{"line":98,"column":null}}},"10":{"name":"(anonymous_11)","decl":{"start":{"line":121,"column":67},"end":{"line":121,"column":68}},"loc":{"start":{"line":121,"column":78},"end":{"line":121,"column":null}}},"11":{"name":"(anonymous_12)","decl":{"start":{"line":127,"column":47},"end":{"line":127,"column":48}},"loc":{"start":{"line":128,"column":24},"end":{"line":128,"column":50}}},"12":{"name":"(anonymous_13)","decl":{"start":{"line":142,"column":66},"end":{"line":142,"column":67}},"loc":{"start":{"line":142,"column":77},"end":{"line":142,"column":null}}},"13":{"name":"(anonymous_14)","decl":{"start":{"line":165,"column":67},"end":{"line":165,"column":68}},"loc":{"start":{"line":165,"column":78},"end":{"line":165,"column":null}}}},"branchMap":{"0":{"loc":{"start":{"line":47,"column":45},"end":{"line":47,"column":90}},"type":"cond-expr","locations":[{"start":{"line":47,"column":75},"end":{"line":47,"column":84}},{"start":{"line":47,"column":84},"end":{"line":47,"column":90}}]},"1":{"loc":{"start":{"line":57,"column":4},"end":{"line":57,"column":null}},"type":"if","locations":[{"start":{"line":57,"column":4},"end":{"line":57,"column":null}}]},"2":{"loc":{"start":{"line":58,"column":4},"end":{"line":58,"column":null}},"type":"if","locations":[{"start":{"line":58,"column":4},"end":{"line":58,"column":null}}]},"3":{"loc":{"start":{"line":59,"column":4},"end":{"line":59,"column":null}},"type":"if","locations":[{"start":{"line":59,"column":4},"end":{"line":59,"column":null}}]},"4":{"loc":{"start":{"line":60,"column":4},"end":{"line":60,"column":null}},"type":"if","locations":[{"start":{"line":60,"column":4},"end":{"line":60,"column":null}}]},"5":{"loc":{"start":{"line":103,"column":17},"end":{"line":103,"column":null}},"type":"binary-expr","locations":[{"start":{"line":103,"column":17},"end":{"line":103,"column":null}}]},"6":{"loc":{"start":{"line":113,"column":11},"end":{"line":113,"column":null}},"type":"binary-expr","locations":[{"start":{"line":113,"column":11},"end":{"line":113,"column":null}}]},"7":{"loc":{"start":{"line":155,"column":53},"end":{"line":155,"column":88}},"type":"cond-expr","locations":[{"start":{"line":155,"column":53},"end":{"line":155,"column":88}}]},"8":{"loc":{"start":{"line":199,"column":13},"end":{"line":199,"column":null}},"type":"binary-expr","locations":[{"start":{"line":199,"column":13},"end":{"line":199,"column":null}}]},"9":{"loc":{"start":{"line":203,"column":19},"end":{"line":203,"column":33}},"type":"binary-expr","locations":[{"start":{"line":203,"column":19},"end":{"line":203,"column":33}}]},"10":{"loc":{"start":{"line":204,"column":19},"end":{"line":204,"column":33}},"type":"binary-expr","locations":[{"start":{"line":204,"column":19},"end":{"line":204,"column":33}}]},"11":{"loc":{"start":{"line":205,"column":19},"end":{"line":205,"column":36}},"type":"binary-expr","locations":[{"start":{"line":205,"column":19},"end":{"line":205,"column":36}}]},"12":{"loc":{"start":{"line":206,"column":19},"end":{"line":206,"column":36}},"type":"binary-expr","locations":[{"start":{"line":206,"column":19},"end":{"line":206,"column":36}}]}},"s":{"0":19,"1":2,"2":2,"3":2,"4":2,"5":2,"6":2,"7":2,"8":23,"9":23,"10":1,"11":23,"12":1,"13":23,"14":1,"15":23,"16":4,"17":8,"18":4,"19":23,"20":23,"21":23,"22":3,"23":23,"24":3,"25":23,"26":0,"27":23,"28":0,"29":23,"30":23,"31":1,"32":0,"33":4,"34":0,"35":8,"36":0,"37":0},"f":{"0":23,"1":1,"2":1,"3":1,"4":4,"5":8,"6":23,"7":1,"8":0,"9":4,"10":0,"11":8,"12":0,"13":0},"b":{"0":[0,1],"1":[3],"2":[3],"3":[0],"4":[0],"5":[23],"6":[23],"7":[0],"8":[23],"9":[3],"10":[3],"11":[3],"12":[3]}}
,"/Users/juan.berdugo/Documents/Proyectos/ensayoV0/ProjectApp/frontend/components/project-members-dialog.tsx": {"path":"/Users/juan.berdugo/Documents/Proyectos/ensayoV0/ProjectApp/frontend/components/project-members-dialog.tsx","statementMap":{"0":{"start":{"line":52,"column":16},"end":{"line":52,"column":37}},"1":{"start":{"line":5,"column":36},"end":{"line":5,"column":null}},"2":{"start":{"line":6,"column":84},"end":{"line":6,"column":null}},"3":{"start":{"line":7,"column":23},"end":{"line":7,"column":null}},"4":{"start":{"line":8,"column":22},"end":{"line":8,"column":null}},"5":{"start":{"line":9,"column":22},"end":{"line":9,"column":null}},"6":{"start":{"line":10,"column":78},"end":{"line":10,"column":null}},"7":{"start":{"line":11,"column":22},"end":{"line":11,"column":null}},"8":{"start":{"line":12,"column":34},"end":{"line":12,"column":null}},"9":{"start":{"line":13,"column":39},"end":{"line":13,"column":null}},"10":{"start":{"line":14,"column":26},"end":{"line":14,"column":null}},"11":{"start":{"line":15,"column":85},"end":{"line":15,"column":null}},"12":{"start":{"line":16,"column":82},"end":{"line":16,"column":null}},"13":{"start":{"line":17,"column":25},"end":{"line":17,"column":null}},"14":{"start":{"line":26,"column":14},"end":{"line":50,"column":null}},"15":{"start":{"line":53,"column":32},"end":{"line":53,"column":null}},"16":{"start":{"line":54,"column":32},"end":{"line":54,"column":null}},"17":{"start":{"line":55,"column":42},"end":{"line":55,"column":null}},"18":{"start":{"line":56,"column":36},"end":{"line":59,"column":null}},"19":{"start":{"line":60,"column":44},"end":{"line":60,"column":null}},"20":{"start":{"line":61,"column":20},"end":{"line":61,"column":null}},"21":{"start":{"line":63,"column":2},"end":{"line":67,"column":null}},"22":{"start":{"line":64,"column":4},"end":{"line":66,"column":null}},"23":{"start":{"line":65,"column":6},"end":{"line":65,"column":null}},"24":{"start":{"line":69,"column":22},"end":{"line":84,"column":null}},"25":{"start":{"line":70,"column":4},"end":{"line":70,"column":null}},"26":{"start":{"line":71,"column":4},"end":{"line":83,"column":null}},"27":{"start":{"line":72,"column":19},"end":{"line":72,"column":null}},"28":{"start":{"line":73,"column":6},"end":{"line":73,"column":null}},"29":{"start":{"line":75,"column":26},"end":{"line":75,"column":null}},"30":{"start":{"line":76,"column":6},"end":{"line":80,"column":null}},"31":{"start":{"line":82,"column":6},"end":{"line":82,"column":null}},"32":{"start":{"line":86,"column":26},"end":{"line":109,"column":null}},"33":{"start":{"line":87,"column":4},"end":{"line":87,"column":null}},"34":{"start":{"line":88,"column":4},"end":{"line":88,"column":null}},"35":{"start":{"line":88,"column":36},"end":{"line":88,"column":null}},"36":{"start":{"line":90,"column":4},"end":{"line":90,"column":null}},"37":{"start":{"line":91,"column":4},"end":{"line":108,"column":null}},"38":{"start":{"line":92,"column":6},"end":{"line":92,"column":null}},"39":{"start":{"line":93,"column":6},"end":{"line":93,"column":null}},"40":{"start":{"line":94,"column":6},"end":{"line":94,"column":null}},"41":{"start":{"line":95,"column":6},"end":{"line":98,"column":null}},"42":{"start":{"line":100,"column":26},"end":{"line":100,"column":null}},"43":{"start":{"line":101,"column":6},"end":{"line":105,"column":null}},"44":{"start":{"line":107,"column":6},"end":{"line":107,"column":null}},"45":{"start":{"line":111,"column":27},"end":{"line":128,"column":null}},"46":{"start":{"line":112,"column":4},"end":{"line":127,"column":null}},"47":{"start":{"line":113,"column":6},"end":{"line":113,"column":null}},"48":{"start":{"line":114,"column":6},"end":{"line":114,"column":null}},"49":{"start":{"line":115,"column":6},"end":{"line":115,"column":null}},"50":{"start":{"line":116,"column":6},"end":{"line":119,"column":null}},"51":{"start":{"line":121,"column":26},"end":{"line":121,"column":null}},"52":{"start":{"line":122,"column":6},"end":{"line":126,"column":null}},"53":{"start":{"line":130,"column":29},"end":{"line":148,"column":null}},"54":{"start":{"line":131,"column":4},"end":{"line":131,"column":null}},"55":{"start":{"line":131,"column":83},"end":{"line":131,"column":null}},"56":{"start":{"line":133,"column":4},"end":{"line":147,"column":null}},"57":{"start":{"line":134,"column":6},"end":{"line":134,"column":null}},"58":{"start":{"line":135,"column":6},"end":{"line":135,"column":null}},"59":{"start":{"line":136,"column":6},"end":{"line":139,"column":null}},"60":{"start":{"line":141,"column":26},"end":{"line":141,"column":null}},"61":{"start":{"line":142,"column":6},"end":{"line":146,"column":null}},"62":{"start":{"line":150,"column":22},"end":{"line":152,"column":null}},"63":{"start":{"line":151,"column":29},"end":{"line":151,"column":50}},"64":{"start":{"line":154,"column":22},"end":{"line":156,"column":null}},"65":{"start":{"line":155,"column":4},"end":{"line":155,"column":null}},"66":{"start":{"line":158,"column":2},"end":{"line":168,"column":null}},"67":{"start":{"line":199,"column":39},"end":{"line":199,"column":null}},"68":{"start":{"line":199,"column":63},"end":{"line":199,"column":null}},"69":{"start":{"line":207,"column":48},"end":{"line":207,"column":null}},"70":{"start":{"line":207,"column":72},"end":{"line":207,"column":null}},"71":{"start":{"line":213,"column":48},"end":{"line":213,"column":72}},"72":{"start":{"line":214,"column":39},"end":{"line":214,"column":48}},"73":{"start":{"line":215,"column":26},"end":{"line":216,"column":57}},"74":{"start":{"line":242,"column":33},"end":{"line":242,"column":null}},"75":{"start":{"line":243,"column":29},"end":{"line":243,"column":42}},"76":{"start":{"line":244,"column":34},"end":{"line":244,"column":67}},"77":{"start":{"line":246,"column":16},"end":{"line":247,"column":46}},"78":{"start":{"line":277,"column":58},"end":{"line":277,"column":null}},"79":{"start":{"line":283,"column":58},"end":{"line":283,"column":82}},"80":{"start":{"line":284,"column":53},"end":{"line":284,"column":62}},"81":{"start":{"line":285,"column":36},"end":{"line":286,"column":67}},"82":{"start":{"line":296,"column":81},"end":{"line":296,"column":105}},"83":{"start":{"line":304,"column":47},"end":{"line":304,"column":null}},"84":{"start":{"line":313,"column":49},"end":{"line":313,"column":null}},"85":{"start":{"line":338,"column":31},"end":{"line":338,"column":40}},"86":{"start":{"line":339,"column":18},"end":{"line":340,"column":42}},"87":{"start":{"line":363,"column":85},"end":{"line":363,"column":40384}},"88":{"start":{"line":363,"column":89},"end":{"line":363,"column":40373}},"89":{"start":{"line":363,"column":40448},"end":{"line":363,"column":40489}},"90":{"start":{"line":363,"column":40452},"end":{"line":363,"column":40477}},"91":{"start":{"line":363,"column":40489},"end":{"line":363,"column":40497}},"92":{"start":{"line":363,"column":40499},"end":{"line":363,"column":40505}},"93":{"start":{"line":363,"column":40620},"end":{"line":363,"column":40626}},"94":{"start":{"line":363,"column":40741},"end":{"line":363,"column":40747}},"95":{"start":{"line":363,"column":40866},"end":{"line":363,"column":40872}},"96":{"start":{"line":363,"column":41016},"end":{"line":363,"column":41022}}},"fnMap":{"0":{"name":"ProjectMembersDialog","decl":{"start":{"line":52,"column":16},"end":{"line":52,"column":37}},"loc":{"start":{"line":52,"column":110},"end":{"line":356,"column":null}}},"1":{"name":"(anonymous_2)","decl":{"start":{"line":63,"column":12},"end":{"line":63,"column":null}},"loc":{"start":{"line":63,"column":12},"end":{"line":67,"column":5}}},"2":{"name":"(anonymous_3)","decl":{"start":{"line":69,"column":22},"end":{"line":69,"column":null}},"loc":{"start":{"line":69,"column":22},"end":{"line":84,"column":null}}},"3":{"name":"(anonymous_4)","decl":{"start":{"line":86,"column":26},"end":{"line":86,"column":33}},"loc":{"start":{"line":86,"column":33},"end":{"line":109,"column":null}}},"4":{"name":"(anonymous_5)","decl":{"start":{"line":111,"column":27},"end":{"line":111,"column":34}},"loc":{"start":{"line":111,"column":52},"end":{"line":128,"column":null}}},"5":{"name":"(anonymous_6)","decl":{"start":{"line":130,"column":29},"end":{"line":130,"column":36}},"loc":{"start":{"line":130,"column":36},"end":{"line":148,"column":null}}},"6":{"name":"(anonymous_7)","decl":{"start":{"line":150,"column":22},"end":{"line":150,"column":23}},"loc":{"start":{"line":150,"column":23},"end":{"line":152,"column":null}}},"7":{"name":"(anonymous_8)","decl":{"start":{"line":151,"column":22},"end":{"line":151,"column":23}},"loc":{"start":{"line":151,"column":29},"end":{"line":151,"column":50}}},"8":{"name":"(anonymous_9)","decl":{"start":{"line":154,"column":22},"end":{"line":154,"column":23}},"loc":{"start":{"line":154,"column":23},"end":{"line":156,"column":null}}},"9":{"name":"(anonymous_10)","decl":{"start":{"line":199,"column":32},"end":{"line":199,"column":33}},"loc":{"start":{"line":199,"column":39},"end":{"line":199,"column":null}}},"10":{"name":"(anonymous_11)","decl":{"start":{"line":199,"column":52},"end":{"line":199,"column":53}},"loc":{"start":{"line":199,"column":63},"end":{"line":199,"column":null}}},"11":{"name":"(anonymous_12)","decl":{"start":{"line":207,"column":37},"end":{"line":207,"column":38}},"loc":{"start":{"line":207,"column":48},"end":{"line":207,"column":null}}},"12":{"name":"(anonymous_13)","decl":{"start":{"line":207,"column":61},"end":{"line":207,"column":62}},"loc":{"start":{"line":207,"column":72},"end":{"line":207,"column":null}}},"13":{"name":"(anonymous_14)","decl":{"start":{"line":213,"column":38},"end":{"line":213,"column":39}},"loc":{"start":{"line":213,"column":48},"end":{"line":213,"column":72}}},"14":{"name":"(anonymous_15)","decl":{"start":{"line":213,"column":76},"end":{"line":213,"column":77}},"loc":{"start":{"line":213,"column":77},"end":{"line":223,"column":null}}},"15":{"name":"(anonymous_16)","decl":{"start":{"line":241,"column":27},"end":{"line":241,"column":28}},"loc":{"start":{"line":241,"column":28},"end":{"line":328,"column":null}}},"16":{"name":"(anonymous_17)","decl":{"start":{"line":277,"column":47},"end":{"line":277,"column":48}},"loc":{"start":{"line":277,"column":58},"end":{"line":277,"column":null}}},"17":{"name":"(anonymous_18)","decl":{"start":{"line":283,"column":48},"end":{"line":283,"column":49}},"loc":{"start":{"line":283,"column":58},"end":{"line":283,"column":82}}},"18":{"name":"(anonymous_19)","decl":{"start":{"line":283,"column":86},"end":{"line":283,"column":87}},"loc":{"start":{"line":283,"column":87},"end":{"line":293,"column":null}}},"19":{"name":"(anonymous_20)","decl":{"start":{"line":296,"column":75},"end":{"line":296,"column":81}},"loc":{"start":{"line":296,"column":81},"end":{"line":296,"column":105}}},"20":{"name":"(anonymous_21)","decl":{"start":{"line":304,"column":41},"end":{"line":304,"column":47}},"loc":{"start":{"line":304,"column":47},"end":{"line":304,"column":null}}},"21":{"name":"(anonymous_22)","decl":{"start":{"line":313,"column":43},"end":{"line":313,"column":49}},"loc":{"start":{"line":313,"column":49},"end":{"line":313,"column":null}}},"22":{"name":"(anonymous_23)","decl":{"start":{"line":337,"column":27},"end":{"line":337,"column":28}},"loc":{"start":{"line":337,"column":28},"end":{"line":348,"column":null}}},"23":{"name":"oo_cm","decl":{"start":{"line":363,"column":77},"end":{"line":363,"column":85}},"loc":{"start":{"line":363,"column":77},"end":{"line":363,"column":40412}}},"24":{"name":"oo_oo","decl":{"start":{"line":363,"column":40421},"end":{"line":363,"column":40427}},"loc":{"start":{"line":363,"column":40446},"end":{"line":363,"column":40499}}}},"branchMap":{"0":{"loc":{"start":{"line":64,"column":4},"end":{"line":66,"column":null}},"type":"if","locations":[{"start":{"line":64,"column":4},"end":{"line":66,"column":null}}]},"1":{"loc":{"start":{"line":88,"column":4},"end":{"line":88,"column":null}},"type":"if","locations":[{"start":{"line":88,"column":4},"end":{"line":88,"column":null}}]},"2":{"loc":{"start":{"line":131,"column":4},"end":{"line":131,"column":null}},"type":"if","locations":[{"start":{"line":131,"column":4},"end":{"line":131,"column":null}}]},"3":{"loc":{"start":{"line":151,"column":11},"end":{"line":151,"column":58}},"type":"binary-expr","locations":[{"start":{"line":151,"column":11},"end":{"line":151,"column":50}},{"start":{"line":151,"column":50},"end":{"line":151,"column":58}}]},"4":{"loc":{"start":{"line":158,"column":2},"end":{"line":168,"column":null}},"type":"if","locations":[{"start":{"line":158,"column":2},"end":{"line":168,"column":null}}]},"5":{"loc":{"start":{"line":228,"column":48},"end":{"line":228,"column":null}},"type":"binary-expr","locations":[{"start":{"line":228,"column":48},"end":{"line":228,"column":64}},{"start":{"line":228,"column":64},"end":{"line":228,"column":null}}]},"6":{"loc":{"start":{"line":229,"column":19},"end":{"line":229,"column":null}},"type":"cond-expr","locations":[{"start":{"line":229,"column":34},"end":{"line":229,"column":48}},{"start":{"line":229,"column":48},"end":{"line":229,"column":null}}]},"7":{"loc":{"start":{"line":259,"column":31},"end":{"line":259,"column":58}},"type":"binary-expr","locations":[{"start":{"line":259,"column":31},"end":{"line":259,"column":58}}]},"8":{"loc":{"start":{"line":274,"column":28},"end":{"line":301,"column":null}},"type":"cond-expr","locations":[{"start":{"line":274,"column":28},"end":{"line":301,"column":null}}]},"9":{"loc":{"start":{"line":304,"column":47},"end":{"line":304,"column":null}},"type":"binary-expr","locations":[{"start":{"line":304,"column":47},"end":{"line":304,"column":74}},{"start":{"line":304,"column":74},"end":{"line":304,"column":null}}]},"10":{"loc":{"start":{"line":309,"column":31},"end":{"line":309,"column":null}},"type":"binary-expr","locations":[{"start":{"line":309,"column":31},"end":{"line":309,"column":null}}]},"11":{"loc":{"start":{"line":324,"column":23},"end":{"line":324,"column":37}},"type":"binary-expr","locations":[{"start":{"line":324,"column":23},"end":{"line":324,"column":37}}]},"12":{"loc":{"start":{"line":363,"column":96},"end":{"line":363,"column":40373}},"type":"binary-expr","locations":[{"start":{"line":363,"column":96},"end":{"line":363,"column":137}},{"start":{"line":363,"column":137},"end":{"line":363,"column":40373}}]}},"s":{"0":14,"1":1,"2":1,"3":1,"4":1,"5":1,"6":1,"7":1,"8":1,"9":1,"10":1,"11":1,"12":1,"13":1,"14":1,"15":50,"16":50,"17":50,"18":50,"19":50,"20":50,"21":50,"22":14,"23":14,"24":50,"25":16,"26":16,"27":16,"28":14,"29":1,"30":1,"31":15,"32":50,"33":2,"34":2,"35":0,"36":2,"37":2,"38":2,"39":1,"40":1,"41":1,"42":1,"43":1,"44":2,"45":50,"46":0,"47":0,"48":0,"49":0,"50":0,"51":0,"52":0,"53":50,"54":1,"55":0,"56":1,"57":1,"58":1,"59":1,"60":0,"61":0,"62":50,"63":151,"64":50,"65":64,"66":50,"67":2,"68":2,"69":0,"70":0,"71":180,"72":144,"73":144,"74":64,"75":64,"76":64,"77":64,"78":0,"79":10,"80":8,"81":8,"82":0,"83":2,"84":1,"85":180,"86":180,"87":2,"88":2,"89":0,"90":0,"91":0,"92":1,"93":1,"94":1,"95":1,"96":1},"f":{"0":50,"1":14,"2":16,"3":2,"4":0,"5":1,"6":64,"7":151,"8":64,"9":2,"10":2,"11":0,"12":0,"13":180,"14":144,"15":64,"16":0,"17":10,"18":8,"19":0,"20":2,"21":1,"22":180,"23":2,"24":0},"b":{"0":[14],"1":[0],"2":[0],"3":[64,0],"4":[14],"5":[36,34],"6":[2,34],"7":[64],"8":[2],"9":[2,2],"10":[62],"11":[64],"12":[2,1]}}
,"/Users/juan.berdugo/Documents/Proyectos/ensayoV0/ProjectApp/frontend/components/task-dialog.tsx": {"path":"/Users/juan.berdugo/Documents/Proyectos/ensayoV0/ProjectApp/frontend/components/task-dialog.tsx","statementMap":{"0":{"start":{"line":22,"column":16},"end":{"line":22,"column":27}},"1":{"start":{"line":5,"column":36},"end":{"line":5,"column":null}},"2":{"start":{"line":6,"column":84},"end":{"line":6,"column":null}},"3":{"start":{"line":7,"column":23},"end":{"line":7,"column":null}},"4":{"start":{"line":8,"column":22},"end":{"line":8,"column":null}},"5":{"start":{"line":9,"column":25},"end":{"line":9,"column":null}},"6":{"start":{"line":10,"column":22},"end":{"line":10,"column":null}},"7":{"start":{"line":11,"column":78},"end":{"line":11,"column":null}},"8":{"start":{"line":12,"column":84},"end":{"line":12,"column":null}},"9":{"start":{"line":23,"column":34},"end":{"line":30,"column":null}},"10":{"start":{"line":31,"column":30},"end":{"line":31,"column":null}},"11":{"start":{"line":32,"column":32},"end":{"line":32,"column":null}},"12":{"start":{"line":34,"column":2},"end":{"line":58,"column":null}},"13":{"start":{"line":35,"column":4},"end":{"line":57,"column":null}},"14":{"start":{"line":36,"column":6},"end":{"line":36,"column":null}},"15":{"start":{"line":37,"column":6},"end":{"line":56,"column":null}},"16":{"start":{"line":38,"column":8},"end":{"line":46,"column":null}},"17":{"start":{"line":45,"column":43},"end":{"line":45,"column":47}},"18":{"start":{"line":48,"column":8},"end":{"line":55,"column":null}},"19":{"start":{"line":60,"column":21},"end":{"line":67,"column":null}},"20":{"start":{"line":61,"column":4},"end":{"line":66,"column":null}},"21":{"start":{"line":62,"column":19},"end":{"line":62,"column":null}},"22":{"start":{"line":63,"column":6},"end":{"line":63,"column":null}},"23":{"start":{"line":65,"column":26},"end":{"line":65,"column":null}},"24":{"start":{"line":69,"column":23},"end":{"line":85,"column":null}},"25":{"start":{"line":70,"column":4},"end":{"line":70,"column":null}},"26":{"start":{"line":71,"column":4},"end":{"line":71,"column":null}},"27":{"start":{"line":73,"column":4},"end":{"line":84,"column":null}},"28":{"start":{"line":74,"column":6},"end":{"line":78,"column":null}},"29":{"start":{"line":75,"column":8},"end":{"line":75,"column":null}},"30":{"start":{"line":77,"column":8},"end":{"line":77,"column":null}},"31":{"start":{"line":79,"column":6},"end":{"line":79,"column":null}},"32":{"start":{"line":81,"column":26},"end":{"line":81,"column":null}},"33":{"start":{"line":83,"column":6},"end":{"line":83,"column":null}},"34":{"start":{"line":87,"column":23},"end":{"line":99,"column":null}},"35":{"start":{"line":88,"column":4},"end":{"line":88,"column":null}},"36":{"start":{"line":88,"column":15},"end":{"line":88,"column":null}},"37":{"start":{"line":90,"column":4},"end":{"line":90,"column":null}},"38":{"start":{"line":91,"column":4},"end":{"line":98,"column":null}},"39":{"start":{"line":92,"column":6},"end":{"line":92,"column":null}},"40":{"start":{"line":93,"column":6},"end":{"line":93,"column":null}},"41":{"start":{"line":95,"column":26},"end":{"line":95,"column":null}},"42":{"start":{"line":97,"column":6},"end":{"line":97,"column":null}},"43":{"start":{"line":117,"column":31},"end":{"line":117,"column":null}},"44":{"start":{"line":117,"column":54},"end":{"line":117,
[...]
":61,"column":20}},"1":{"start":{"line":174,"column":19},"end":{"line":174,"column":24}},"2":{"start":{"line":174,"column":9},"end":{"line":174,"column":17}},"3":{"start":{"line":3,"column":23},"end":{"line":3,"column":null}},"4":{"start":{"line":18,"column":20},"end":{"line":18,"column":null}},"5":{"start":{"line":19,"column":27},"end":{"line":19,"column":null}},"6":{"start":{"line":43,"column":22},"end":{"line":43,"column":null}},"7":{"start":{"line":45,"column":25},"end":{"line":59,"column":null}},"8":{"start":{"line":46,"column":2},"end":{"line":48,"column":null}},"9":{"start":{"line":47,"column":4},"end":{"line":47,"column":null}},"10":{"start":{"line":50,"column":18},"end":{"line":56,"column":null}},"11":{"start":{"line":51,"column":4},"end":{"line":51,"column":null}},"12":{"start":{"line":52,"column":4},"end":{"line":55,"column":null}},"13":{"start":{"line":58,"column":2},"end":{"line":58,"column":null}},"14":{"start":{"line":61,"column":23},"end":{"line":110,"column":null}},"15":{"start":{"line":62,"column":2},"end":{"line":109,"column":null}},"16":{"start":{"line":64,"column":6},"end":{"line":67,"column":null}},"17":{"start":{"line":70,"column":6},"end":{"line":73,"column":null}},"18":{"start":{"line":72,"column":41},"end":{"line":72,"column":null}},"19":{"start":{"line":76,"column":26},"end":{"line":76,"column":null}},"20":{"start":{"line":78,"column":6},"end":{"line":84,"column":null}},"21":{"start":{"line":79,"column":8},"end":{"line":79,"column":null}},"22":{"start":{"line":81,"column":8},"end":{"line":83,"column":null}},"23":{"start":{"line":82,"column":10},"end":{"line":82,"column":null}},"24":{"start":{"line":86,"column":6},"end":{"line":96,"column":null}},"25":{"start":{"line":89,"column":10},"end":{"line":94,"column":null}},"26":{"start":{"line":99,"column":6},"end":{"line":104,"column":null}},"27":{"start":{"line":100,"column":8},"end":{"line":103,"column":null}},"28":{"start":{"line":105,"column":6},"end":{"line":108,"column":null}},"29":{"start":{"line":107,"column":43},"end":{"line":107,"column":66}},"30":{"start":{"line":112,"column":54},"end":{"line":112,"column":56}},"31":{"start":{"line":114,"column":30},"end":{"line":114,"column":null}},"32":{"start":{"line":117,"column":2},"end":{"line":117,"column":null}},"33":{"start":{"line":118,"column":2},"end":{"line":120,"column":null}},"34":{"start":{"line":119,"column":4},"end":{"line":119,"column":null}},"35":{"start":{"line":126,"column":13},"end":{"line":126,"column":null}},"36":{"start":{"line":128,"column":17},"end":{"line":132,"column":null}},"37":{"start":{"line":129,"column":4},"end":{"line":132,"column":null}},"38":{"start":{"line":133,"column":18},"end":{"line":133,"column":null}},"39":{"start":{"line":133,"column":24},"end":{"line":133,"column":null}},"40":{"start":{"line":135,"column":2},"end":{"line":145,"column":null}},"41":{"start":{"line":142,"column":8},"end":{"line":142,"column":null}},"42":{"start":{"line":142,"column":19},"end":{"line":142,"column":null}},"43":{"start":{"line":147,"column":2},"end":{"line":151,"column":null}},"44":{"start":{"line":155,"column":28},"end":{"line":155,"column":null}},"45":{"start":{"line":157,"column":2},"end":{"line":165,"column":null}},"46":{"start":{"line":158,"column":4},"end":{"line":158,"column":null}},"47":{"start":{"line":159,"column":4},"end":{"line":164,"column":null}},"48":{"start":{"line":160,"column":20},"end":{"line":160,"column":null}},"49":{"start":{"line":161,"column":6},"end":{"line":163,"column":null}},"50":{"start":{"line":162,"column":8},"end":{"line":162,"column":null}},"51":{"start":{"line":167,"column":2},"end":{"line":171,"column":null}},"52":{"start":{"line":170,"column":35},"end":{"line":170,"column":null}}},"fnMap":{"0":{"name":"(anonymous_7)","decl":{"start":{"line":45,"column":25},"end":{"line":45,"column":26}},"loc":{"start":{"line":45,"column":26},"end":{"line":59,"column":null}}},"1":{"name":"(anonymous_8)","decl":{"start":{"line":50,"column":29},"end":{"line":50,"column":null}},"loc":{"start":{"line":50,"column":29},"end":{"line":56,"column":5}}},"2":{"name":"(anonymous_9)","decl":{"start":{"line":61,"column":23},"end":{"line":61,"column":24}},"loc":{"start":{"line":61,"column":43},"end":{"line":110,"column":null}}},"3":{"name":"(anonymous_10)","decl":{"start":{"line":72,"column":33},"end":{"line":72,"column":34}},"loc":{"start":{"line":72,"column":41},"end":{"line":72,"column":null}}},"4":{"name":"(anonymous_11)","decl":{"start":{"line":81,"column":29},"end":{"line":81,"column":30}},"loc":{"start":{"line":81,"column":30},"end":{"line":83,"column":null}}},"5":{"name":"(anonymous_12)","decl":{"start":{"line":88,"column":33},"end":{"line":88,"column":34}},"loc":{"start":{"line":89,"column":10},"end":{"line":94,"column":null}}},"6":{"name":"(anonymous_13)","decl":{"start":{"line":107,"column":36},"end":{"line":107,"column":37}},"loc":{"start":{"line":107,"column":43},"end":{"line":107,"column":66}}},"7":{"name":"dispatch","decl":{"start":{"line":116,"column":9},"end":{"line":116,"column":18}},"loc":{"start":{"line":116,"column":37},"end":{"line":121,"column":null}}},"8":{"name":"(anonymous_15)","decl":{"start":{"line":118,"column":20},"end":{"line":118,"column":21}},"loc":{"start":{"line":118,"column":21},"end":{"line":120,"column":null}}},"9":{"name":"toast","decl":{"start":{"line":125,"column":9},"end":{"line":125,"column":15}},"loc":{"start":{"line":125,"column":34},"end":{"line":152,"column":null}}},"10":{"name":"(anonymous_17)","decl":{"start":{"line":128,"column":17},"end":{"line":128,"column":18}},"loc":{"start":{"line":129,"column":4},"end":{"line":132,"column":null}}},"11":{"name":"(anonymous_18)","decl":{"start":{"line":133,"column":18},"end":{"line":133,"column":24}},"loc":{"start":{"line":133,"column":24},"end":{"line":133,"column":null}}},"12":{"name":"(anonymous_19)","decl":{"start":{"line":141,"column":20},"end":{"line":141,"column":21}},"loc":{"start":{"line":141,"column":21},"end":{"line":143,"column":null}}},"13":{"name":"useToast","decl":{"start":{"line":154,"column":9},"end":{"line":154,"column":null}},"loc":{"start":{"line":154,"column":9},"end":{"line":172,"column":null}}},"14":{"name":"(anonymous_21)","decl":{"start":{"line":157,"column":18},"end":{"line":157,"column":null}},"loc":{"start":{"line":157,"column":18},"end":{"line":165,"column":5}}},"15":{"name":"(anonymous_22)","decl":{"start":{"line":159,"column":11},"end":{"line":159,"column":null}},"loc":{"start":{"line":159,"column":11},"end":{"line":164,"column":null}}},"16":{"name":"(anonymous_23)","decl":{"start":{"line":170,"column":13},"end":{"line":170,"column":14}},"loc":{"start":{"line":170,"column":35},"end":{"line":170,"column":null}}}},"branchMap":{"0":{"loc":{"start":{"line":46,"column":2},"end":{"line":48,"column":null}},"type":"if","locations":[{"start":{"line":46,"column":2},"end":{"line":48,"column":null}}]},"1":{"loc":{"start":{"line":62,"column":2},"end":{"line":109,"column":null}},"type":"switch","locations":[{"start":{"line":63,"column":4},"end":{"line":67,"column":null}},{"start":{"line":69,"column":4},"end":{"line":73,"column":null}},{"start":{"line":75,"column":4},"end":{"line":97,"column":null}},{"start":{"line":98,"column":4},"end":{"line":108,"column":null}}]},"2":{"loc":{"start":{"line":72,"column":41},"end":{"line":72,"column":null}},"type":"cond-expr","locations":[{"start":{"line":72,"column":68},"end":{"line":72,"column":96}},{"start":{"line":72,"column":96},"end":{"line":72,"column":null}}]},"3":{"loc":{"start":{"line":78,"column":6},"end":{"line":84,"column":null}},"type":"if","locations":[{"start":{"line":78,"column":6},"end":{"line":84,"column":null}},{"start":{"line":80,"column":13},"end":{"line":84,"column":null}}]},"4":{"loc":{"start":{"line":89,"column":10},"end":{"line":94,"column":null}},"type":"cond-expr","locations":[{"start":{"line":90,"column":14},"end":{"line":93,"column":null}},{"start":{"line":94,"column":14},"end":{"line":94,"column":null}}]},"5":{"loc":{"start":{"line":89,"column":10},"end":{"line":89,"column":null}},"type":"binary-expr","locations":[{"start":{"line":89,"column":10},"end":{"line":89,"column":30}},{"start":{"line":89,"column":30},"end":{"line":89,"column":null}}]},"6":{"loc":{"start":{"line":99,"column":6},"end":{"line":104,"column":null}},"type":"if","locations":[{"start":{"line":99,"column":6},"end":{"line":104,"column":null}}]},"7":{"loc":{"start":{"line":142,"column":8},"end":{"line":142,"column":null}},"type":"if","locations":[{"start":{"line":142,"column":8},"end":{"line":142,"column":null}}]},"8":{"loc":{"start":{"line":161,"column":6},"end":{"line":163,"column":null}},"type":"if","locations":[{"start":{"line":161,"column":6},"end":{"line":163,"column":null}}]}},"s":{"0":8,"1":6,"2":20,"3":2,"4":2,"5":2,"6":2,"7":2,"8":6,"9":1,"10":5,"11":0,"12":0,"13":5,"14":2,"15":23,"16":14,"17":2,"18":2,"19":5,"20":5,"21":3,"22":2,"23":3,"24":5,"25":7,"26":2,"27":1,"28":1,"29":2,"30":2,"31":2,"32":16,"33":16,"34":13,"35":12,"36":12,"37":1,"38":12,"39":1,"40":12,"41":0,"42":0,"43":12,"44":19,"45":19,"46":19,"47":19,"48":19,"49":19,"50":19,"51":19,"52":2},"f":{"0":6,"1":0,"2":23,"3":2,"4":3,"5":7,"6":2,"7":16,"8":13,"9":12,"10":1,"11":1,"12":0,"13":19,"14":19,"15":19,"16":2},"b":{"0":[1],"1":[14,2,5,2],"2":[2,0],"3":[3,2],"4":[6,1],"5":[7,4],"6":[1],"7":[0],"8":[19]}}
,"/Users/juan.berdugo/Documents/Proyectos/ensayoV0/ProjectApp/frontend/lib/api.ts": {"path":"/Users/juan.berdugo/Documents/Proyectos/ensayoV0/ProjectApp/frontend/lib/api.ts","statementMap":{"0":{"start":{"line":299,"column":13},"end":{"line":299,"column":26}},"1":{"start":{"line":1,"column":21},"end":{"line":1,"column":null}},"2":{"start":{"line":87,"column":18},"end":{"line":87,"column":null}},"3":{"start":{"line":88,"column":4},"end":{"line":91,"column":null}},"4":{"start":{"line":95,"column":4},"end":{"line":102,"column":null}},"5":{"start":{"line":96,"column":6},"end":{"line":100,"column":null}},"6":{"start":{"line":97,"column":8},"end":{"line":97,"column":null}},"7":{"start":{"line":98,"column":8},"end":{"line":98,"column":null}},"8":{"start":{"line":99,"column":8},"end":{"line":99,"column":null}},"9":{"start":{"line":101,"column":6},"end":{"line":101,"column":null}},"10":{"start":{"line":103,"column":4},"end":{"line":103,"column":null}},"11":{"start":{"line":108,"column":21},"end":{"line":112,"column":null}},"12":{"start":{"line":113,"column":4},"end":{"line":113,"column":null}},"13":{"start":{"line":117,"column":21},"end":{"line":121,"column":null}},"14":{"start":{"line":122,"column":4},"end":{"line":122,"column":null}},"15":{"start":{"line":126,"column":21},"end":{"line":130,"column":null}},"16":{"start":{"line":131,"column":4},"end":{"line":131,"column":null}},"17":{"start":{"line":136,"column":21},"end":{"line":138,"column":null}},"18":{"start":{"line":139,"column":4},"end":{"line":139,"column":null}},"19":{"start":{"line":143,"column":21},"end":{"line":145,"column":null}},"20":{"start":{"line":146,"column":4},"end":{"line":146,"column":null}},"21":{"start":{"line":150,"column":21},"end":{"line":154,"column":null}},"22":{"start":{"line":155,"column":4},"end":{"line":155,"column":null}},"23":{"start":{"line":159,"column":21},"end":{"line":163,"column":null}},"24":{"start":{"line":164,"column":4},"end":{"line":164,"column":null}},"25":{"start":{"line":168,"column":21},"end":{"line":171,"column":null}},"26":{"start":{"line":172,"column":4},"end":{"line":172,"column":null}},"27":{"start":{"line":177,"column":21},"end":{"line":179,"column":null}},"28":{"start":{"line":180,"column":4},"end":{"line":180,"column":null}},"29":{"start":{"line":184,"column":21},"end":{"line":186,"column":null}},"30":{"start":{"line":187,"column":4},"end":{"line":187,"column":null}},"31":{"start":{"line":191,"column":21},"end":{"line":193,"column":null}},"32":{"start":{"line":194,"column":4},"end":{"line":194,"column":null}},"33":{"start":{"line":198,"column":21},"end":{"line":202,"column":null}},"34":{"start":{"line":203,"column":4},"end":{"line":203,"column":null}},"35":{"start":{"line":207,"column":21},"end":{"line":211,"column":null}},"36":{"start":{"line":212,"column":4},"end":{"line":212,"column":null}},"37":{"start":{"line":216,"column":21},"end":{"line":219,"column":null}},"38":{"start":{"line":220,"column":4},"end":{"line":220,"column":null}},"39":{"start":{"line":225,"column":21},"end":{"line":227,"column":null}},"40":{"start":{"line":228,"column":4},"end":{"line":228,"column":null}},"41":{"start":{"line":232,"column":21},"end":{"line":234,"column":null}},"42":{"start":{"line":235,"column":4},"end":{"line":235,"column":null}},"43":{"start":{"line":239,"column":21},"end":{"line":243,"column":null}},"44":{"start":{"line":244,"column":4},"end":{"line":244,"column":null}},"45":{"start":{"line":248,"column":21},"end":{"line":252,"column":null}},"46":{"start":{"line":253,"column":4},"end":{"line":253,"column":null}},"47":{"start":{"line":257,"column":21},"end":{"line":260,"column":null}},"48":{"start":{"line":261,"column":4},"end":{"line":261,"column":null}},"49":{"start":{"line":266,"column":21},"end":{"line":268,"column":null}},"50":{"start":{"line":269,"column":4},"end":{"line":269,"column":null}},"51":{"start":{"line":273,"column":21},"end":{"line":277,"column":null}},"52":{"start":{"line":278,"column":4},"end":{"line":278,"column":null}},"53":{"start":{"line":282,"column":21},"end":{"line":286,"column":null}},"54":{"start":{"line":287,"column":4},"end":{"line":287,"column":null}},"55":{"start":{"line":291,"column":21},"end":{"line":294,"column":null}},"56":{"start":{"line":295,"column":4},"end":{"line":295,"column":null}},"57":{"start":{"line":299,"column":26},"end":{"line":299,"column":null}}},"fnMap":{"0":{"name":"(anonymous_1)","decl":{"start":{"line":86,"column":10},"end":{"line":86,"column":40}},"loc":{"start":{"line":86,"column":40},"end":{"line":92,"column":null}}},"1":{"name":"(anonymous_2)","decl":{"start":{"line":94,"column":2},"end":{"line":94,"column":16}},"loc":{"start":{"line":94,"column":66},"end":{"line":104,"column":null}}},"2":{"name":"(anonymous_3)","decl":{"start":{"line":107,"column":2},"end":{"line":107,"column":8}},"loc":{"start":{"line":107,"column":56},"end":{"line":114,"column":null}}},"3":{"name":"(anonymous_4)","decl":{"start":{"line":116,"column":2},"end":{"line":116,"column":8}},"loc":{"start":{"line":116,"column":54},"end":{"line":123,"column":null}}},"4":{"name":"(anonymous_5)","decl":{"start":{"line":125,"column":2},"end":{"line":125,"column":8}},"loc":{"start":{"line":125,"column":66},"end":{"line":132,"column":null}}},"5":{"name":"(anonymous_6)","decl":{"start":{"line":135,"column":2},"end":{"line":135,"column":8}},"loc":{"start":{"line":135,"column":50},"end":{"line":140,"column":null}}},"6":{"name":"(anonymous_7)","decl":{"start":{"line":142,"column":2},"end":{"line":142,"column":8}},"loc":{"start":{"line":142,"column":57},"end":{"line":147,"column":null}}},"7":{"name":"(anonymous_8)","decl":{"start":{"line":149,"column":2},"end":{"line":149,"column":8}},"loc":{"start":{"line":149,"column":70},"end":{"line":156,"column":null}}},"8":{"name":"(anonymous_9)","decl":{"start":{"line":158,"column":2},"end":{"line":158,"column":8}},"loc":{"start":{"line":158,"column":82},"end":{"line":165,"column":null}}},"9":{"name":"(anonymous_10)","decl":{"start":{"line":167,"column":2},"end":{"line":167,"column":8}},"loc":{"start":{"line":167,"column":49},"end":{"line":173,"column":null}}},"10":{"name":"(anonymous_11)","decl":{"start":{"line":176,"column":2},"end":{"line":176,"column":8}},"loc":{"start":{"line":176,"column":68},"end":{"line":181,"column":null}}},"11":{"name":"(anonymous_12)","decl":{"start":{"line":183,"column":2},"end":{"line":183,"column":8}},"loc":{"start":{"line":183,"column":48},"end":{"line":188,"column":null}}},"12":{"name":"(anonymous_13)","decl":{"start":{"line":190,"column":2},"end":{"line":190,"column":8}},"loc":{"start":{"line":190,"column":51},"end":{"line":195,"column":null}}},"13":{"name":"(anonymous_14)","decl":{"start":{"line":197,"column":2},"end":{"line":197,"column":8}},"loc":{"start":{"line":197,"column":61},"end":{"line":204,"column":null}}},"14":{"name":"(anonymous_15)","decl":{"start":{"line":206,"column":2},"end":{"line":206,"column":8}},"loc":{"start":{"line":206,"column":73},"end":{"line":213,"column":null}}},"15":{"name":"(anonymous_16)","decl":{"start":{"line":215,"column":2},"end":{"line":215,"column":8}},"loc":{"start":{"line":215,"column":46},"end":{"line":221,"column":null}}},"16":{"name":"(anonymous_17)","decl":{"start":{"line":224,"column":2},"end":{"line":224,"column":8}},"loc":{"start":{"line":224,"column":46},"end":{"line":229,"column":null}}},"17":{"name":"(anonymous_18)","decl":{"start":{"line":231,"column":2},"end":{"line":231,"column":8}},"loc":{"start":{"line":231,"column":70},"end":{"line":236,"column":null}}},"18":{"name":"(anonymous_19)","decl":{"start":{"line":238,"column":2},"end":{"line":238,"column":8}},"loc":{"start":{"line":238,"column":64},"end":{"line":245,"column":null}}},"19":{"name":"(anonymous_20)","decl":{"start":{"line":247,"column":2},"end":{"line":247,"column":8}},"loc":{"start":{"line":247,"column":76},"end":{"line":254,"column":null}}},"20":{"name":"(anonymous_21)","decl":{"start":{"line":256,"column":2},"end":{"line":256,"column":8}},"loc":{"start":{"line":256,"column":47},"end":{"line":262,"column":null}}},"21":{"name":"(anonymous_22)","decl":{"start":{"line":265,"column":2},"end":{"line":265,"column":8}},"loc":{"start":{"line":265,"column":79},"end":{"line":270,"column":null}}},"22":{"name":"(anonymous_23)","decl":{"start":{"line":272,"column":2},"end":{"line":272,"column":8}},"loc":{"start":{"line":272,"column":104},"end":{"line":279,"column":null}}},"23":{"name":"(anonymous_24)","decl":{"start":{"line":281,"column":2},"end":{"line":281,"column":8}},"loc":{"start":{"line":281,"column":108},"end":{"line":288,"column":null}}},"24":{"name":"(anonymous_25)","decl":{"start":{"line":290,"column":2},"end":{"line":290,"column":8}},"loc":{"start":{"line":290,"column":73},"end":{"line":296,"column":null}}}},"branchMap":{"0":{"loc":{"start":{"line":90,"column":10},"end":{"line":90,"column":55}},"type":"binary-expr","locations":[{"start":{"line":90,"column":10},"end":{"line":90,"column":19}},{"start":{"line":90,"column":19},"end":{"line":90,"column":55}}]},"1":{"loc":{"start":{"line":95,"column":4},"end":{"line":102,"column":null}},"type":"if","locations":[{"start":{"line":95,"column":4},"end":{"line":102,"column":null}}]},"2":{"loc":{"start":{"line":96,"column":6},"end":{"line":100,"column":null}},"type":"if","locations":[{"start":{"line":96,"column":6},"end":{"line":100,"column":null}}]}},"s":{"0":32,"1":12,"2":21,"3":21,"4":24,"5":3,"6":2,"7":2,"8":2,"9":3,"10":21,"11":2,"12":2,"13":0,"14":0,"15":1,"16":1,"17":5,"18":5,"19":1,"20":1,"21":1,"22":1,"23":1,"24":1,"25":1,"26":1,"27":0,"28":0,"29":1,"30":1,"31":1,"32":1,"33":0,"34":0,"35":1,"36":1,"37":1,"38":1,"39":1,"40":1,"41":0,"42":0,"43":1,"44":1,"45":1,"46":1,"47":1,"48":1,"49":1,"50":1,"51":1,"52":1,"53":1,"54":1,"55":1,"56":1,"57":12},"f":{"0":21,"1":24,"2":2,"3":0,"4":1,"5":5,"6":1,"7":1,"8":1,"9":1,"10":0,"11":1,"12":1,"13":0,"14":1,"15":1,"16":1,"17":0,"18":1,"19":1,"20":1,"21":1,"22":1,"23":1,"24":1},"b":{"0":[21,19],"1":[3],"2":[2]}}
,"/Users/juan.berdugo/Documents/Proyectos/ensayoV0/ProjectApp/frontend/lib/utils.ts": {"path":"/Users/juan.berdugo/Documents/Proyectos/ensayoV0/ProjectApp/frontend/lib/utils.ts","statementMap":{"0":{"start":{"line":4,"column":16},"end":{"line":4,"column":19}},"1":{"start":{"line":1,"column":38},"end":{"line":1,"column":null}},"2":{"start":{"line":2,"column":24},"end":{"line":2,"column":null}},"3":{"start":{"line":5,"column":2},"end":{"line":5,"column":null}}},"fnMap":{"0":{"name":"cn","decl":{"start":{"line":4,"column":16},"end":{"line":4,"column":19}},"loc":{"start":{"line":4,"column":42},"end":{"line":6,"column":null}}}},"branchMap":{},"s":{"0":4056,"1":10,"2":10,"3":4056},"f":{"0":4056},"b":{}}
}
