TN:
SF:app/layout.tsx
FN:16,RootLayout
FNF:1
FNH:0
FNDA:0,RootLayout
DA:3,0
DA:4,0
DA:5,0
DA:6,0
DA:8,0
DA:10,0
DA:16,0
LF:7
LH:0
BRF:0
BRH:0
end_of_record
TN:
SF:app/page.tsx
FN:7,HomePage
FN:11,(anonymous_2)
FNF:2
FNH:2
FNDA:5,HomePage
FNDA:5,(anonymous_2)
DA:3,1
DA:4,1
DA:5,1
DA:7,5
DA:8,5
DA:9,5
DA:11,5
DA:12,5
DA:13,2
DA:14,1
DA:16,1
LF:11
LH:11
BRDA:12,0,0,2
BRDA:13,1,0,1
BRDA:13,1,1,1
BRF:3
BRH:3
end_of_record
TN:
SF:app/dashboard/page.tsx
FN:15,DashboardPage
FN:32,(anonymous_2)
FN:36,(anonymous_3)
FN:47,(anonymous_4)
FN:52,(anonymous_5)
FN:58,(anonymous_6)
FN:86,(anonymous_7)
FN:118,(anonymous_8)
FN:125,(anonymous_9)
FN:129,(anonymous_10)
FN:140,(anonymous_11)
FN:189,oo_cm
FN:189,oo_oo
FNF:13
FNH:9
FNDA:22,DashboardPage
FNDA:11,(anonymous_2)
FNDA:11,(anonymous_3)
FNDA:1,(anonymous_4)
FNDA:0,(anonymous_5)
FNDA:18,(anonymous_6)
FNDA:1,(anonymous_7)
FNDA:0,(anonymous_8)
FNDA:18,(anonymous_9)
FNDA:1,(anonymous_10)
FNDA:0,(anonymous_11)
FNDA:1,oo_cm
FNDA:0,oo_oo
DA:3,1
DA:4,1
DA:5,1
DA:6,1
DA:7,1
DA:8,1
DA:9,1
DA:10,1
DA:11,1
DA:12,1
DA:13,1
DA:15,11
DA:16,22
DA:17,22
DA:18,22
DA:19,22
DA:20,22
DA:29,22
DA:30,22
DA:32,22
DA:33,11
DA:36,22
DA:37,11
DA:38,11
DA:39,9
DA:41,1
DA:43,10
DA:47,22
DA:48,1
DA:49,1
DA:52,22
DA:53,0
DA:54,0
DA:55,0
DA:58,22
DA:59,18
DA:61,9
DA:63,9
DA:65,0
DA:67,0
DA:69,0
DA:73,22
DA:75,22
DA:86,1
DA:118,0
DA:126,18
DA:129,1
DA:141,0
DA:142,0
DA:189,1
LF:50
LH:41
BRDA:48,0,0,1
BRDA:48,0,1,1
BRDA:59,1,0,9
BRDA:59,1,1,9
BRDA:59,1,2,0
BRDA:59,1,3,0
BRDA:59,1,4,0
BRDA:75,2,0,11
BRDA:112,3,0,2
BRDA:151,4,0,18
BRDA:151,4,1,0
BRDA:189,5,0,1
BRDA:189,5,1,1
BRF:13
BRH:9
end_of_record
TN:
SF:app/login/page.tsx
FN:15,LoginPage
FN:26,(anonymous_3)
FN:56,(anonymous_4)
FN:56,(anonymous_5)
FN:67,(anonymous_6)
FN:67,(anonymous_7)
FNF:6
FNH:6
FNDA:16,LoginPage
FNDA:3,(anonymous_3)
FNDA:3,(anonymous_4)
FNDA:3,(anonymous_5)
FNDA:3,(anonymous_6)
FNDA:3,(anonymous_7)
DA:5,1
DA:6,1
DA:7,1
DA:8,1
DA:9,1
DA:10,1
DA:11,1
DA:12,1
DA:13,1
DA:15,5
DA:16,16
DA:20,16
DA:21,16
DA:23,16
DA:24,16
DA:26,16
DA:27,3
DA:28,3
DA:29,3
DA:31,3
DA:32,3
DA:33,1
DA:35,1
DA:37,2
DA:56,3
DA:67,3
LF:26
LH:26
BRDA:72,0,0,16
BRDA:75,1,0,16
BRF:2
BRH:2
end_of_record
TN:
SF:app/project/[id]/page.tsx
FN:12,ProjectPage
FN:21,(anonymous_2)
FN:27,(anonymous_3)
FN:39,(anonymous_4)
FN:68,(anonymous_5)
FN:82,(anonymous_6)
FN:111,oo_cm
FN:111,oo_oo
FNF:8
FNH:7
FNDA:34,ProjectPage
FNDA:17,(anonymous_2)
FNDA:16,(anonymous_3)
FNDA:15,(anonymous_4)
FNDA:1,(anonymous_5)
FNDA:2,(anonymous_6)
FNDA:1,oo_cm
FNDA:0,oo_oo
DA:3,1
DA:4,1
DA:5,1
DA:6,1
DA:7,1
DA:8,1
DA:9,1
DA:10,1
DA:12,17
DA:13,34
DA:14,34
DA:15,34
DA:17,34
DA:18,34
DA:19,34
DA:21,34
DA:22,17
DA:23,16
DA:27,34
DA:28,16
DA:29,16
DA:30,14
DA:32,1
DA:33,1
DA:35,15
DA:39,34
DA:40,15
DA:42,11
DA:44,1
DA:46,2
DA:48,1
DA:50,0
DA:54,34
DA:58,17
DA:68,1
DA:82,2
DA:111,1
LF:37
LH:36
BRDA:22,0,0,16
BRDA:40,1,0,11
BRDA:40,1,1,1
BRDA:40,1,2,2
BRDA:40,1,3,1
BRDA:40,1,4,0
BRDA:54,2,0,17
BRDA:58,3,0,2
BRDA:111,4,0,1
BRDA:111,4,1,1
BRF:10
BRH:9
end_of_record
TN:
SF:app/register/page.tsx
FN:15,RegisterPage
FN:28,(anonymous_3)
FN:68,(anonymous_4)
FN:68,(anonymous_5)
FN:79,(anonymous_6)
FN:79,(anonymous_7)
FN:90,(anonymous_8)
FN:90,(anonymous_9)
FN:101,(anonymous_10)
FN:101,(anonymous_11)
FNF:10
FNH:10
FNDA:34,RegisterPage
FNDA:4,(anonymous_3)
FNDA:5,(anonymous_4)
FNDA:5,(anonymous_5)
FNDA:5,(anonymous_6)
FNDA:5,(anonymous_7)
FNDA:5,(anonymous_8)
FNDA:5,(anonymous_9)
FNDA:5,(anonymous_10)
FNDA:5,(anonymous_11)
DA:5,1
DA:6,1
DA:7,1
DA:8,1
DA:9,1
DA:10,1
DA:11,1
DA:12,1
DA:13,1
DA:15,8
DA:16,34
DA:22,34
DA:23,34
DA:25,34
DA:26,34
DA:28,34
DA:29,4
DA:30,4
DA:31,4
DA:33,4
DA:34,1
DA:35,1
DA:36,1
DA:39,3
DA:40,3
DA:45,1
DA:47,1
DA:49,2
DA:68,5
DA:79,5
DA:90,5
DA:101,5
LF:32
LH:32
BRDA:33,0,0,1
BRDA:106,1,0,34
BRDA:109,2,0,34
BRF:3
BRH:3
end_of_record
TN:
SF:components/auth-guard.tsx
FN:11,AuthGuard
FN:16,(anonymous_2)
FNF:2
FNH:2
FNDA:4,AuthGuard
FNDA:4,(anonymous_2)
DA:5,1
DA:6,1
DA:7,1
DA:9,1
DA:11,4
DA:12,4
DA:13,4
DA:14,4
DA:16,4
DA:17,4
DA:18,3
DA:19,1
DA:20,2
DA:21,0
DA:26,4
DA:35,3
DA:40,1
LF:17
LH:16
BRDA:17,0,0,3
BRDA:18,1,0,1
BRDA:18,1,1,2
BRDA:18,2,0,3
BRDA:18,2,1,2
BRDA:20,3,0,0
BRDA:20,4,0,2
BRDA:20,4,1,1
BRDA:26,5,0,1
BRDA:35,6,0,2
BRDA:35,7,0,3
BRDA:35,7,1,2
BRF:12
BRH:11
end_of_record
TN:
SF:components/kanban-board.tsx
FN:33,KanbanBoard
FN:52,(anonymous_2)
FN:56,(anonymous_3)
FN:67,(anonymous_4)
FN:69,(anonymous_5)
FN:80,(anonymous_6)
FN:83,(anonymous_7)
FN:83,(anonymous_8)
FN:89,(anonymous_9)
FN:96,(anonymous_10)
FN:103,(anonymous_11)
FN:111,(anonymous_12)
FN:116,(anonymous_13)
FN:134,(anonymous_14)
FN:139,(anonymous_15)
FN:143,(anonymous_16)
FN:150,(anonymous_17)
FN:151,(anonymous_18)
FN:156,(anonymous_19)
FN:157,(anonymous_20)
FN:169,(anonymous_21)
FN:223,oo_cm
FN:223,oo_oo
FNF:23
FNH:17
FNDA:15,KanbanBoard
FNDA:6,(anonymous_2)
FNDA:6,(anonymous_3)
FNDA:1,(anonymous_4)
FNDA:1,(anonymous_5)
FNDA:0,(anonymous_6)
FNDA:1,(anonymous_7)
FNDA:2,(anonymous_8)
FNDA:1,(anonymous_9)
FNDA:1,(anonymous_10)
FNDA:1,(anonymous_11)
FNDA:1,(anonymous_12)
FNDA:0,(anonymous_13)
FNDA:36,(anonymous_14)
FNDA:1,(anonymous_15)
FNDA:0,(anonymous_16)
FNDA:72,(anonymous_17)
FNDA:18,(anonymous_18)
FNDA:1,(anonymous_19)
FNDA:1,(anonymous_20)
FNDA:0,(anonymous_21)
FNDA:0,oo_cm
FNDA:0,oo_oo
DA:5,1
DA:6,1
DA:7,1
DA:8,1
DA:9,1
DA:10,1
DA:11,1
DA:12,1
DA:13,1
DA:19,1
DA:26,1
DA:33,6
DA:34,15
DA:35,15
DA:36,15
DA:37,15
DA:38,15
DA:40,15
DA:50,15
DA:52,15
DA:53,6
DA:56,15
DA:57,6
DA:58,6
DA:59,6
DA:61,0
DA:63,6
DA:67,15
DA:68,1
DA:69,1
DA:70,1
DA:72,1
DA:80,0
DA:83,2
DA:85,0
DA:89,15
DA:90,1
DA:91,1
DA:92,1
DA:96,15
DA:97,1
DA:98,1
DA:99,1
DA:103,15
DA:104,1
DA:105,1
DA:106,1
DA:108,1
DA:111,15
DA:112,1
DA:113,1
DA:116,15
DA:117,0
DA:118,0
DA:119,0
DA:122,15
DA:135,36
DA:139,1
DA:143,0
DA:150,72
DA:152,18
DA:156,1
DA:157,1
DA:170,0
DA:223,1
LF:65
LH:57
BRDA:70,0,0,0
BRDA:83,1,0,1
BRDA:83,1,1,1
BRDA:91,2,0,1
BRDA:98,3,0,1
BRDA:105,4,0,1
BRDA:105,5,0,1
BRDA:105,5,1,1
BRDA:112,6,0,1
BRDA:112,6,1,0
BRDA:122,7,0,6
BRDA:166,8,0,18
BRDA:183,9,0,18
BRDA:189,10,0,18
BRDA:223,11,0,0
BRDA:223,11,1,0
BRF:16
BRH:12
end_of_record
TN:
SF:components/project-dialog.tsx
FN:21,ProjectDialog
FN:29,(anonymous_2)
FN:47,(anonymous_3)
FN:65,(anonymous_4)
FN:95,(anonymous_5)
FN:95,(anonymous_6)
FN:105,(anonymous_7)
FN:105,(anonymous_8)
FN:114,(anonymous_9)
FN:114,(anonymous_10)
FN:137,(anonymous_11)
FN:156,oo_cm
FN:156,oo_oo
FNF:13
FNH:7
FNDA:22,ProjectDialog
FNDA:14,(anonymous_2)
FNDA:1,(anonymous_3)
FNDA:0,(anonymous_4)
FNDA:1,(anonymous_5)
FNDA:1,(anonymous_6)
FNDA:1,(anonymous_7)
FNDA:1,(anonymous_8)
FNDA:0,(anonymous_9)
FNDA:0,(anonymous_10)
FNDA:0,(anonymous_11)
FNDA:0,oo_cm
FNDA:0,oo_oo
DA:5,2
DA:6,2
DA:7,2
DA:8,2
DA:9,2
DA:10,2
DA:11,2
DA:12,2
DA:21,14
DA:22,22
DA:27,22
DA:29,22
DA:30,14
DA:31,4
DA:32,1
DA:38,3
DA:47,22
DA:48,1
DA:49,1
DA:51,1
DA:52,1
DA:53,0
DA:55,1
DA:57,1
DA:59,0
DA:61,1
DA:65,22
DA:66,0
DA:68,0
DA:69,0
DA:70,0
DA:71,0
DA:73,0
DA:75,0
DA:95,1
DA:105,1
DA:114,0
DA:137,0
DA:156,2
LF:39
LH:28
BRDA:30,0,0,4
BRDA:31,1,0,1
BRDA:31,1,1,3
BRDA:52,2,0,0
BRDA:52,2,1,1
BRDA:66,3,0,0
BRDA:83,4,0,2
BRDA:83,4,1,20
BRDA:85,5,0,2
BRDA:85,5,1,20
BRDA:130,6,0,22
BRDA:141,7,0,1
BRDA:141,7,1,21
BRDA:141,8,0,2
BRDA:141,8,1,19
BRDA:156,9,0,0
BRDA:156,9,1,0
BRF:17
BRH:13
end_of_record
TN:
SF:components/project-filters.tsx
FN:28,ProjectFiltersComponent
FN:31,(anonymous_2)
FN:35,(anonymous_3)
FN:46,(anonymous_4)
FN:50,(anonymous_5)
FN:51,(anonymous_6)
FN:55,(anonymous_7)
FN:77,(anonymous_8)
FN:83,(anonymous_9)
FN:98,(anonymous_10)
FN:121,(anonymous_11)
FN:127,(anonymous_12)
FN:142,(anonymous_13)
FN:165,(anonymous_14)
FNF:14
FNH:10
FNDA:23,ProjectFiltersComponent
FNDA:1,(anonymous_2)
FNDA:1,(anonymous_3)
FNDA:1,(anonymous_4)
FNDA:4,(anonymous_5)
FNDA:8,(anonymous_6)
FNDA:23,(anonymous_7)
FNDA:1,(anonymous_8)
FNDA:0,(anonymous_9)
FNDA:4,(anonymous_10)
FNDA:0,(anonymous_11)
FNDA:8,(anonymous_12)
FNDA:0,(anonymous_13)
FNDA:0,(anonymous_14)
DA:3,2
DA:4,2
DA:5,2
DA:6,2
DA:7,2
DA:8,2
DA:9,2
DA:28,19
DA:29,23
DA:31,23
DA:32,1
DA:35,23
DA:36,1
DA:46,23
DA:47,1
DA:50,23
DA:51,8
DA:52,4
DA:55,23
DA:56,23
DA:57,23
DA:58,23
DA:59,23
DA:60,23
DA:61,23
DA:64,23
DA:77,1
DA:83,0
DA:98,4
DA:121,0
DA:128,8
DA:142,0
DA:165,0
LF:33
LH:29
BRDA:47,0,0,0
BRDA:47,0,1,1
BRDA:57,1,0,3
BRDA:58,2,0,3
BRDA:59,3,0,0
BRDA:60,4,0,0
BRDA:103,5,0,23
BRDA:113,6,0,23
BRDA:155,7,0,0
BRDA:199,8,0,23
BRDA:203,9,0,3
BRDA:204,10,0,3
BRDA:205,11,0,3
BRDA:206,12,0,3
BRF:14
BRH:10
end_of_record
TN:
SF:components/project-members-dialog.tsx
FN:52,ProjectMembersDialog
FN:63,(anonymous_2)
FN:69,(anonymous_3)
FN:86,(anonymous_4)
FN:111,(anonymous_5)
FN:130,(anonymous_6)
FN:150,(anonymous_7)
FN:151,(anonymous_8)
FN:154,(anonymous_9)
FN:199,(anonymous_10)
FN:199,(anonymous_11)
FN:207,(anonymous_12)
FN:207,(anonymous_13)
FN:213,(anonymous_14)
FN:213,(anonymous_15)
FN:241,(anonymous_16)
FN:277,(anonymous_17)
FN:283,(anonymous_18)
FN:283,(anonymous_19)
FN:296,(anonymous_20)
FN:304,(anonymous_21)
FN:313,(anonymous_22)
FN:337,(anonymous_23)
FN:363,oo_cm
FN:363,oo_oo
FNF:25
FNH:19
FNDA:50,ProjectMembersDialog
FNDA:14,(anonymous_2)
FNDA:16,(anonymous_3)
FNDA:2,(anonymous_4)
FNDA:0,(anonymous_5)
FNDA:1,(anonymous_6)
FNDA:64,(anonymous_7)
FNDA:151,(anonymous_8)
FNDA:64,(anonymous_9)
FNDA:2,(anonymous_10)
FNDA:2,(anonymous_11)
FNDA:0,(anonymous_12)
FNDA:0,(anonymous_13)
FNDA:180,(anonymous_14)
FNDA:144,(anonymous_15)
FNDA:64,(anonymous_16)
FNDA:0,(anonymous_17)
FNDA:10,(anonymous_18)
FNDA:8,(anonymous_19)
FNDA:0,(anonymous_20)
FNDA:2,(anonymous_21)
FNDA:1,(anonymous_22)
FNDA:180,(anonymous_23)
FNDA:2,oo_cm
FNDA:0,oo_oo
DA:5,1
DA:6,1
DA:7,1
DA:8,1
DA:9,1
DA:10,1
DA:11,1
DA:12,1
DA:13,1
DA:14,1
DA:15,1
DA:16,1
DA:17,1
DA:26,1
DA:52,14
DA:53,50
DA:54,50
DA:55,50
DA:56,50
DA:60,50
DA:61,50
DA:63,50
DA:64,14
DA:65,14
DA:69,50
DA:70,16
DA:71,16
DA:72,16
DA:73,14
DA:75,1
DA:76,1
DA:82,15
DA:86,50
DA:87,2
DA:88,2
DA:90,2
DA:91,2
DA:92,2
DA:93,1
DA:94,1
DA:95,1
DA:100,1
DA:101,1
DA:107,2
DA:111,50
DA:112,0
DA:113,0
DA:114,0
DA:115,0
DA:116,0
DA:121,0
DA:122,0
DA:130,50
DA:131,1
DA:133,1
DA:134,1
DA:135,1
DA:136,1
DA:141,0
DA:142,0
DA:150,50
DA:151,151
DA:154,50
DA:155,64
DA:158,50
DA:199,2
DA:207,0
DA:213,180
DA:214,144
DA:215,144
DA:242,64
DA:243,64
DA:244,64
DA:246,64
DA:277,0
DA:283,10
DA:284,8
DA:285,8
DA:296,0
DA:304,2
DA:313,1
DA:338,180
DA:339,180
DA:363,2
LF:84
LH:72
BRDA:64,0,0,14
BRDA:88,1,0,0
BRDA:131,2,0,0
BRDA:151,3,0,64
BRDA:151,3,1,0
BRDA:158,4,0,14
BRDA:228,5,0,36
BRDA:228,5,1,34
BRDA:229,6,0,2
BRDA:229,6,1,34
BRDA:259,7,0,64
BRDA:274,8,0,2
BRDA:304,9,0,2
BRDA:304,9,1,2
BRDA:309,10,0,62
BRDA:324,11,0,64
BRDA:363,12,0,2
BRDA:363,12,1,1
BRF:18
BRH:15
end_of_record
TN:
SF:components/task-dialog.tsx
FN:22,TaskDialog
FN:34,(anonymous_2)
FN:45,(anonymous_3)
FN:60,(anonymous_4)
FN:69,(anonymous_5)
FN:87,(anonymous_6)
FN:117,(anonymous_7)
FN:117,(anonymous_8)
FN:127,(anonymous_9)
FN:127,(anonymous_10)
FN:137,(anonymous_11)
FN:137,(anonymous_12)
FN:155,(anonymous_13)
FN:155,(anonymous_14)
FN:176,(anonymous_15)
FN:177,(anonymous_16)
FN:194,(anonymous_17)
FN:213,oo_cm
FN:213,oo_oo
FNF:19
FNH:9
FNDA:29,TaskDialog
FNDA:10,(anonymous_2)
FNDA:1,(anonymous_3)
FNDA:5,(anonymous_4)
FNDA:2,(anonymous_5)
FNDA:0,(anonymous_6)
FNDA:2,(anonymous_7)
FNDA:2,(anonymous_8)
FNDA:1,(anonymous_9)
FNDA:1,(anonymous_10)
FNDA:0,(anonymous_11)
FNDA:0,(anonymous_12)
FNDA:0,(anonymous_13)
FNDA:0,(anonymous_14)
FNDA:0,(anonymous_15)
FNDA:0,(anonymous_16)
FNDA:0,(anonymous_17)
FNDA:0,oo_cm
FNDA:0,oo_oo
DA:5,2
DA:6,2
DA:7,2
DA:8,2
DA:9,2
DA:10,2
DA:11,2
DA:12,2
DA:22,13
DA:23,29
DA:31,29
DA:32,29
DA:34,29
DA:35,10
DA:36,5
DA:37,5
DA:38,3
DA:45,1
DA:48,2
DA:60,29
DA:61,5
DA:62,5
DA:63,5
DA:65,0
DA:69,29
DA:70,2
DA:71,2
DA:73,2
DA:74,2
DA:75,1
DA:77,1
DA:79,2
DA:81,0
DA:83,2
DA:87,29
DA:88,0
DA:90,0
DA:91,0
DA:92,0
DA:93,0
DA:95,0
DA:97,0
DA:117,2
DA:127,1
DA:137,0
DA:155,0
DA:177,0
DA:194,0
DA:213,2
LF:49
LH:36
BRDA:35,0,0,5
BRDA:37,1,0,3
BRDA:37,1,1,2
BRDA:74,2,0,1
BRDA:74,2,1,1
BRDA:88,3,0,0
BRDA:105,4,0,11
BRDA:105,4,1,18
BRDA:107,5,0,11
BRDA:107,5,1,18
BRDA:175,6,0,3
BRDA:175,6,1,26
BRDA:179,7,0,0
BRDA:179,7,1,0
BRDA:187,8,0,29
BRDA:198,9,0,2
BRDA:198,9,1,27
BRDA:198,10,0,10
BRDA:198,10,1,17
BRDA:213,11,0,0
BRDA:213,11,1,0
BRF:21
BRH:16
end_of_record
TN:
SF:components/task-filters.tsx
FN:29,TaskFiltersComponent
FN:32,(anonymous_2)
FN:36,(anonymous_3)
FN:38,(anonymous_4)
FN:43,(anonymous_5)
FN:55,(anonymous_6)
FN:56,(anonymous_7)
FN:60,(anonymous_8)
FN:61,(anonymous_9)
FN:65,(anonymous_10)
FN:66,(anonymous_11)
FN:67,(anonymous_12)
FN:67,(anonymous_13)
FN:68,(anonymous_14)
FN:71,(anonymous_15)
FN:96,(anonymous_16)
FN:102,(anonymous_17)
FN:109,(anonymous_18)
FN:117,(anonymous_19)
FN:132,(anonymous_20)
FN:155,(anonymous_21)
FN:161,(anonymous_22)
FN:175,(anonymous_23)
FN:211,(anonymous_24)
FN:220,(anonymous_25)
FN:234,(anonymous_26)
FNF:26
FNH:11
FNDA:10,TaskFiltersComponent
FNDA:0,(anonymous_2)
FNDA:0,(anonymous_3)
FNDA:0,(anonymous_4)
FNDA:0,(anonymous_5)
FNDA:10,(anonymous_6)
FNDA:20,(anonymous_7)
FNDA:1,(anonymous_8)
FNDA:2,(anonymous_9)
FNDA:1,(anonymous_10)
FNDA:2,(anonymous_11)
FNDA:0,(anonymous_12)
FNDA:0,(anonymous_13)
FNDA:0,(anonymous_14)
FNDA:10,(anonymous_15)
FNDA:0,(anonymous_16)
FNDA:0,(anonymous_17)
FNDA:20,(anonymous_18)
FNDA:0,(anonymous_19)
FNDA:1,(anonymous_20)
FNDA:0,(anonymous_21)
FNDA:2,(anonymous_22)
FNDA:0,(anonymous_23)
FNDA:0,(anonymous_24)
FNDA:0,(anonymous_25)
FNDA:0,(anonymous_26)
DA:3,1
DA:4,1
DA:5,1
DA:6,1
DA:7,1
DA:8,1
DA:9,1
DA:29,9
DA:30,10
DA:32,10
DA:33,0
DA:36,10
DA:37,0
DA:38,0
DA:40,0
DA:43,10
DA:44,0
DA:55,10
DA:56,20
DA:57,10
DA:60,10
DA:61,2
DA:62,1
DA:65,10
DA:66,2
DA:67,1
DA:68,1
DA:71,10
DA:72,10
DA:73,10
DA:74,10
DA:75,10
DA:76,10
DA:77,10
DA:78,10
DA:79,10
DA:80,10
DA:83,10
DA:96,0
DA:102,0
DA:110,20
DA:117,0
DA:132,1
DA:155,0
DA:162,2
DA:175,0
DA:212,0
DA:220,0
DA:234,0
LF:49
LH:36
BRDA:37,0,0,0
BRDA:37,0,1,0
BRDA:73,1,0,0
BRDA:74,2,0,0
BRDA:75,3,0,0
BRDA:76,4,0,0
BRDA:77,5,0,0
BRDA:78,6,0,0
BRDA:79,7,0,0
BRDA:137,8,0,10
BRDA:147,9,0,10
BRDA:204,10,0,1
BRDA:214,11,0,0
BRDA:214,11,1,0
BRDA:217,12,0,0
BRDA:217,12,1,0
BRDA:232,13,0,0
BRDA:232,13,1,1
BRDA:249,14,0,10
BRDA:253,15,0,0
BRDA:254,16,0,0
BRDA:255,17,0,0
BRDA:256,18,0,0
BRDA:257,19,0,0
BRDA:258,20,0,0
BRDA:259,21,0,0
BRF:26
BRH:5
end_of_record
TN:
SF:components/theme-provider.tsx
FN:9,ThemeProvider
FNF:1
FNH:1
FNDA:5,ThemeProvider
DA:3,1
DA:7,1
DA:9,5
LF:3
LH:3
BRF:0
BRH:0
end_of_record
TN:
SF:components/ui/accordion.tsx
FNF:0
FNH:0
DA:3,0
DA:4,0
DA:5,0
DA:7,0
DA:9,0
DA:21,0
DA:41,0
DA:56,0
DA:58,0
LF:9
LH:0
BRF:0
BRH:0
end_of_record
TN:
SF:components/ui/alert-dialog.tsx
FNF:0
FNH:0
DA:3,0
DA:4,0
DA:6,0
DA:7,0
DA:9,0
DA:11,0
DA:13,0
DA:28,0
DA:46,0
DA:60,0
DA:74,0
DA:86,0
DA:98,0
DA:111,0
DA:127,0
DA:130,0
DA:131,0
DA:132,0
DA:133,0
DA:134,0
DA:135,0
DA:136,0
DA:137,0
DA:138,0
DA:139,0
DA:140,0
LF:26
LH:0
BRF:0
BRH:0
end_of_record
TN:
SF:components/ui/alert.tsx
FNF:0
FNH:0
DA:1,0
DA:2,0
DA:4,0
DA:6,0
DA:33,0
DA:45,0
DA:57,0
DA:59,0
LF:8
LH:0
BRF:0
BRH:0
end_of_record
TN:
SF:components/ui/aspect-ratio.tsx
FNF:0
FNH:0
DA:3,0
DA:5,0
DA:7,0
LF:3
LH:0
BRF:0
BRH:0
end_of_record
TN:
SF:components/ui/avatar.tsx
FNF:0
FNH:0
DA:3,1
DA:4,1
DA:6,1
DA:18,1
DA:26,1
DA:38,1
DA:40,64
LF:7
LH:7
BRF:0
BRH:0
end_of_record
TN:
SF:components/ui/badge.tsx
FN:30,Badge
FNF:1
FNH:1
FNDA:294,Badge
DA:1,5
DA:2,5
DA:4,5
DA:6,5
DA:36,302
LF:5
LH:5
BRF:0
BRH:0
end_of_record
TN:
SF:components/ui/breadcrumb.tsx
FN:47,(anonymous_14)
FNF:1
FNH:0
FNDA:0,(anonymous_14)
DA:1,0
DA:2,0
DA:3,0
DA:5,0
DA:13,0
DA:28,0
DA:40,0
DA:42,0
DA:48,0
DA:58,0
DA:73,0
DA:89,0
DA:105,0
DA:108,0
DA:109,0
DA:110,0
DA:111,0
DA:112,0
DA:113,0
DA:114,0
LF:20
LH:0
BRDA:48,0,0,0
BRDA:48,0,1,0
BRDA:86,1,0,0
BRDA:86,1,1,0
BRF:4
BRH:0
end_of_record
TN:
SF:components/ui/button.tsx
FN:43,(anonymous_6)
FNF:1
FNH:1
FNDA:371,(anonymous_6)
DA:1,9
DA:2,9
DA:3,9
DA:5,9
DA:7,9
DA:42,9
DA:44,371
DA:54,9
DA:56,410
LF:9
LH:9
BRDA:43,0,0,371
BRDA:44,1,0,0
BRDA:44,1,1,371
BRF:3
BRH:2
end_of_record
TN:
SF:components/ui/calendar.tsx
FN:12,Calendar
FNF:1
FNH:0
FNDA:0,Calendar
DA:3,0
DA:4,0
DA:5,0
DA:7,0
DA:8,0
DA:64,0
DA:66,0
LF:7
LH:0
BRDA:15,0,0,0
BRF:1
BRH:0
end_of_record
TN:
SF:components/ui/card.tsx
FNF:0
FNH:0
DA:1,6
DA:3,6
DA:18,6
DA:30,6
DA:45,6
DA:57,6
DA:65,6
DA:77,6
DA:79,255
LF:9
LH:9
BRF:0
BRH:0
end_of_record
TN:
SF:components/ui/carousel.tsx
FN:35,useCarousel
FN:49,(anonymous_11)
FN:71,(anonymous_12)
FN:80,(anonymous_13)
FN:84,(anonymous_14)
FN:89,(anonymous_15)
FN:101,(anonymous_16)
FN:109,(anonymous_17)
FN:118,(anonymous_18)
FN:156,(anonymous_19)
FN:178,(anonymous_20)
FN:200,(anonymous_21)
FN:229,(anonymous_22)
FNF:13
FNH:0
FNDA:0,useCarousel
FNDA:0,(anonymous_11)
FNDA:0,(anonymous_12)
FNDA:0,(anonymous_13)
FNDA:0,(anonymous_14)
FNDA:0,(anonymous_15)
FNDA:0,(anonymous_16)
FNDA:0,(anonymous_17)
FNDA:0,(anonymous_18)
FNDA:0,(anonymous_19)
FNDA:0,(anonymous_20)
FNDA:0,(anonymous_21)
FNDA:0,(anonymous_22)
DA:3,0
DA:6,0
DA:7,0
DA:9,0
DA:10,0
DA:33,0
DA:36,0
DA:38,0
DA:39,0
DA:42,0
DA:45,0
DA:61,0
DA:68,0
DA:69,0
DA:71,0
DA:72,0
DA:73,0
DA:76,0
DA:77,0
DA:80,0
DA:81,0
DA:84,0
DA:85,0
DA:88,0
DA:90,0
DA:91,0
DA:92,0
DA:93,0
DA:94,0
DA:95,0
DA:101,0
DA:102,0
DA:103,0
DA:106,0
DA:109,0
DA:110,0
DA:111,0
DA:114,0
DA:115,0
DA:116,0
DA:118,0
DA:119,0
DA:151,0
DA:153,0
DA:157,0
DA:173,0
DA:175,0
DA:179,0
DA:195,0
DA:197,0
DA:201,0
DA:224,0
DA:226,0
DA:230,0
DA:253,0
DA:257,0
DA:258,0
DA:259,0
DA:260,0
DA:261,0
LF:60
LH:0
BRDA:38,0,0,0
BRDA:51,1,0,0
BRDA:64,2,0,0
BRDA:64,2,1,0
BRDA:72,3,0,0
BRDA:90,4,0,0
BRDA:90,4,1,0
BRDA:93,5,0,0
BRDA:102,6,0,0
BRDA:102,7,0,0
BRDA:102,7,1,0
BRDA:110,8,0,0
BRDA:130,9,0,0
BRDA:130,9,1,0
BRDA:130,10,0,0
BRDA:130,10,1,0
BRDA:165,11,0,0
BRDA:165,11,1,0
BRDA:188,12,0,0
BRDA:188,12,1,0
BRDA:200,13,0,0
BRDA:200,14,0,0
BRDA:210,15,0,0
BRDA:210,15,1,0
BRDA:229,16,0,0
BRDA:229,17,0,0
BRDA:239,18,0,0
BRDA:239,18,1,0
BRF:28
BRH:0
end_of_record
TN:
SF:components/ui/chart.tsx
FN:27,useChart
FN:45,(anonymous_11)
FN:70,(anonymous_12)
FN:72,(anonymous_13)
FN:84,(anonymous_14)
FN:87,(anonymous_15)
FN:116,(anonymous_16)
FN:136,(anonymous_17)
FN:188,(anonymous_18)
FN:269,(anonymous_19)
FN:288,(anonymous_20)
FN:320,getPayloadConfigFromPayload
FNF:12
FNH:0
FNDA:0,useChart
FNDA:0,(anonymous_11)
FNDA:0,(anonymous_12)
FNDA:0,(anonymous_13)
FNDA:0,(anonymous_14)
FNDA:0,(anonymous_15)
FNDA:0,(anonymous_16)
FNDA:0,(anonymous_17)
FNDA:0,(anonymous_18)
FNDA:0,(anonymous_19)
FNDA:0,(anonymous_20)
FNDA:0,getPayloadConfigFromPayload
DA:3,0
DA:4,0
DA:6,0
DA:9,0
DA:25,0
DA:28,0
DA:30,0
DA:31,0
DA:34,0
DA:37,0
DA:46,0
DA:47,0
DA:68,0
DA:70,0
DA:71,0
DA:72,0
DA:75,0
DA:76,0
DA:84,0
DA:89,0
DA:91,0
DA:103,0
DA:105,0
DA:134,0
DA:136,0
DA:137,0
DA:138,0
DA:141,0
DA:142,0
DA:143,0
DA:145,0
DA:149,0
DA:157,0
DA:158,0
DA:172,0
DA:173,0
DA:176,0
DA:189,0
DA:190,0
DA:191,0
DA:193,0
DA:257,0
DA:259,0
DA:261,0
DA:273,0
DA:275,0
DA:276,0
DA:289,0
DA:290,0
DA:292,0
DA:317,0
DA:325,0
DA:326,0
DA:330,0
DA:336,0
DA:338,0
DA:342,0
DA:343,0
DA:348,0
DA:353,0
DA:359,0
DA:360,0
DA:361,0
DA:362,0
DA:363,0
DA:364,0
LF:66
LH:0
BRDA:30,0,0,0
BRDA:47,1,0,0
BRDA:47,1,1,0
BRDA:72,2,0,0
BRDA:72,2,1,0
BRDA:75,3,0,0
BRDA:89,4,0,0
BRDA:89,4,1,0
BRDA:91,5,0,0
BRDA:91,5,1,0
BRDA:121,6,0,0
BRDA:122,7,0,0
BRDA:123,8,0,0
BRDA:137,9,0,0
BRDA:137,10,0,0
BRDA:137,10,1,0
BRDA:142,11,0,0
BRDA:142,11,1,0
BRDA:142,11,2,0
BRDA:142,11,3,0
BRDA:145,12,0,0
BRDA:145,12,1,0
BRDA:145,13,0,0
BRDA:145,13,1,0
BRDA:146,14,0,0
BRDA:146,14,1,0
BRDA:149,15,0,0
BRDA:157,16,0,0
BRDA:172,17,0,0
BRDA:172,18,0,0
BRDA:172,18,1,0
BRDA:176,19,0,0
BRDA:176,19,1,0
BRDA:186,20,0,0
BRDA:186,20,1,0
BRDA:189,21,0,0
BRDA:189,21,1,0
BRDA:189,21,2,0
BRDA:189,21,3,0
BRDA:191,22,0,0
BRDA:191,22,1,0
BRDA:191,22,2,0
BRDA:198,23,0,0
BRDA:198,23,1,0
BRDA:202,24,0,0
BRDA:201,25,0,0
BRDA:201,25,1,0
BRDA:201,25,2,0
BRDA:206,26,0,0
BRDA:208,27,0,0
BRDA:217,28,0,0
BRDA:217,28,1,0
BRDA:232,29,0,0
BRDA:232,29,1,0
BRDA:236,30,0,0
BRDA:236,30,1,0
BRDA:238,31,0,0
BRDA:238,31,1,0
BRDA:241,32,0,0
BRDA:270,33,0,0
BRDA:270,34,0,0
BRDA:275,35,0,0
BRDA:284,36,0,0
BRDA:284,36,1,0
BRDA:289,37,0,0
BRDA:289,37,1,0
BRDA:289,37,2,0
BRDA:300,38,0,0
BRDA:299,39,0,0
BRDA:299,39,1,0
BRDA:325,40,0,0
BRDA:325,41,0,0
BRDA:325,41,1,0
BRDA:330,42,0,0
BRDA:330,42,1,0
BRDA:330,43,0,0
BRDA:330,43,1,0
BRDA:330,43,2,0
BRDA:338,44,0,0
BRDA:338,44,1,0
BRDA:339,45,0,0
BRDA:339,45,1,0
BRDA:343,46,0,0
BRDA:344,47,0,0
BRDA:344,47,1,0
BRDA:344,47,2,0
BRDA:353,48,0,0
BRDA:353,48,1,0
BRF:88
BRH:0
end_of_record
TN:
SF:components/ui/checkbox.tsx
FNF:0
FNH:0
DA:3,0
DA:4,0
DA:5,0
DA:7,0
DA:28,0
DA:30,0
LF:6
LH:0
BRF:0
BRH:0
end_of_record
TN:
SF:components/ui/collapsible.tsx
FNF:0
FNH:0
DA:3,0
DA:5,0
DA:7,0
DA:9,0
DA:11,0
LF:5
LH:0
BRF:0
BRH:0
end_of_record
TN:
SF:components/ui/command.tsx
FN:26,(anonymous_14)
FN:127,(anonymous_21)
FNF:2
FNH:0
FNDA:0,(anonymous_14)
FNDA:0,(anonymous_21)
DA:3,0
DA:5,0
DA:6,0
DA:8,0
DA:9,0
DA:24,0
DA:26,0
DA:55,0
DA:68,0
DA:81,0
DA:97,0
DA:109,0
DA:125,0
DA:127,0
DA:141,0
DA:144,0
DA:145,0
DA:146,0
DA:147,0
DA:148,0
DA:149,0
DA:150,0
DA:151,0
DA:152,0
LF:24
LH:0
BRF:0
BRH:0
end_of_record
TN:
SF:components/ui/context-menu.tsx
FN:168,(anonymous_27)
FNF:1
FNH:0
FNDA:0,(anonymous_27)
DA:3,0
DA:4,0
DA:5,0
DA:7,0
DA:9,0
DA:11,0
DA:13,0
DA:15,0
DA:17,0
DA:19,0
DA:40,0
DA:55,0
DA:72,0
DA:90,0
DA:113,0
DA:136,0
DA:154,0
DA:166,0
DA:168,0
DA:182,0
DA:185,0
DA:186,0
DA:187,0
DA:188,0
DA:189,0
DA:190,0
DA:191,0
DA:192,0
DA:193,0
DA:194,0
DA:195,0
DA:196,0
DA:197,0
DA:198,0
DA:199,0
LF:35
LH:0
BRDA:31,0,0,0
BRDA:31,0,1,0
BRDA:84,1,0,0
BRDA:84,1,1,0
BRDA:148,2,0,0
BRDA:148,2,1,0
BRF:6
BRH:0
end_of_record
TN:
SF:components/ui/dialog.tsx
FNF:0
FNH:0
DA:3,5
DA:4,5
DA:5,5
DA:7,5
DA:9,5
DA:11,5
DA:13,5
DA:15,5
DA:30,5
DA:54,5
DA:68,5
DA:82,5
DA:97,5
DA:109,5
DA:112,101
DA:113,0
DA:114,0
DA:115,0
DA:116,0
DA:117,101
DA:118,87
DA:119,0
DA:120,87
DA:121,87
LF:24
LH:19
BRF:0
BRH:0
end_of_record
TN:
SF:components/ui/drawer.tsx
FNF:0
FNH:0
DA:3,0
DA:4,0
DA:6,0
DA:17,0
DA:19,0
DA:21,0
DA:23,0
DA:35,0
DA:56,0
DA:67,0
DA:78,0
DA:93,0
DA:105,0
DA:108,0
DA:109,0
DA:110,0
DA:111,0
DA:112,0
DA:113,0
DA:114,0
DA:115,0
DA:116,0
DA:117,0
LF:23
LH:0
BRDA:9,0,0,0
BRF:1
BRH:0
end_of_record
TN:
SF:components/ui/dropdown-menu.tsx
FN:171,(anonymous_27)
FNF:1
FNH:0
FNDA:0,(anonymous_27)
DA:3,0
DA:4,0
DA:5,0
DA:7,0
DA:9,0
DA:11,0
DA:13,0
DA:15,0
DA:17,0
DA:19,0
DA:40,0
DA:56,0
DA:75,0
DA:93,0
DA:116,0
DA:139,0
DA:157,0
DA:169,0
DA:171,0
DA:182,0
DA:185,0
DA:186,0
DA:187,0
DA:188,0
DA:189,0
DA:190,0
DA:191,0
DA:192,0
DA:193,0
DA:194,0
DA:195,0
DA:196,0
DA:197,0
DA:198,0
DA:199,0
LF:35
LH:0
BRDA:31,0,0,0
BRDA:31,0,1,0
BRDA:62,1,0,0
BRDA:87,2,0,0
BRDA:87,2,1,0
BRDA:151,3,0,0
BRDA:151,3,1,0
BRF:7
BRH:0
end_of_record
TN:
SF:components/ui/form.tsx
FN:31,(anonymous_12)
FN:44,(anonymous_13)
FN:78,(anonymous_14)
FN:92,(anonymous_15)
FN:109,(anonymous_16)
FN:131,(anonymous_17)
FN:148,(anonymous_18)
FNF:7
FNH:0
FNDA:0,(anonymous_12)
FNDA:0,(anonymous_13)
FNDA:0,(anonymous_14)
FNDA:0,(anonymous_15)
FNDA:0,(anonymous_16)
FNDA:0,(anonymous_17)
FNDA:0,(anonymous_18)
DA:3,0
DA:5,0
DA:13,0
DA:15,0
DA:16,0
DA:18,0
DA:27,0
DA:31,0
DA:44,0
DA:45,0
DA:46,0
DA:47,0
DA:49,0
DA:51,0
DA:52,0
DA:55,0
DA:57,0
DA:71,0
DA:75,0
DA:79,0
DA:87,0
DA:89,0
DA:93,0
DA:104,0
DA:106,0
DA:110,0
DA:126,0
DA:128,0
DA:132,0
DA:143,0
DA:145,0
DA:149,0
DA:150,0
DA:152,0
DA:153,0
DA:167,0
DA:170,0
DA:171,0
DA:172,0
DA:173,0
DA:174,0
DA:175,0
DA:176,0
DA:177,0
LF:44
LH:0
BRDA:51,0,0,0
BRDA:98,1,0,0
BRDA:98,1,1,0
BRDA:117,2,0,0
BRDA:117,2,1,0
BRDA:150,3,0,0
BRDA:150,3,1,0
BRDA:152,4,0,0
BRF:8
BRH:0
end_of_record
TN:
SF:components/ui/hover-card.tsx
FNF:0
FNH:0
DA:3,0
DA:4,0
DA:6,0
DA:8,0
DA:10,0
DA:27,0
DA:29,0
LF:7
LH:0
BRDA:15,0,0,0
BRDA:15,1,0,0
BRF:2
BRH:0
end_of_record
TN:
SF:components/ui/input-otp.tsx
FN:36,(anonymous_10)
FNF:1
FNH:0
FNDA:0,(anonymous_10)
DA:3,0
DA:4,0
DA:5,0
DA:7,0
DA:23,0
DA:31,0
DA:33,0
DA:37,0
DA:38,0
DA:59,0
DA:69,0
DA:71,0
LF:12
LH:0
BRDA:45,0,0,0
BRDA:45,0,1,0
BRDA:51,1,0,0
BRF:3
BRH:0
end_of_record
TN:
SF:components/ui/input.tsx
FN:6,(anonymous_4)
FNF:1
FNH:1
FNDA:290,(anonymous_4)
DA:1,8
DA:3,8
DA:5,8
DA:20,8
DA:22,317
LF:5
LH:5
BRF:0
BRH:0
end_of_record
TN:
SF:components/ui/label.tsx
FNF:0
FNH:0
DA:3,7
DA:4,7
DA:5,7
DA:7,7
DA:9,7
DA:24,7
DA:26,451
LF:7
LH:7
BRF:0
BRH:0
end_of_record
TN:
SF:components/ui/menubar.tsx
FN:203,(anonymous_30)
FNF:1
FNH:0
FNDA:0,(anonymous_30)
DA:3,0
DA:4,0
DA:5,0
DA:7,0
DA:9,0
DA:11,0
DA:13,0
DA:15,0
DA:17,0
DA:32,0
DA:47,0
DA:68,0
DA:83,0
DA:108,0
DA:126,0
DA:149,0
DA:171,0
DA:189,0
DA:201,0
DA:203,0
DA:217,0
DA:220,0
DA:221,0
DA:222,0
DA:223,0
DA:224,0
DA:225,0
DA:226,0
DA:227,0
DA:228,0
DA:229,0
DA:230,0
DA:231,0
DA:232,0
DA:233,0
DA:234,0
DA:235,0
LF:37
LH:0
BRDA:59,0,0,0
BRDA:59,0,1,0
BRDA:90,1,0,0
BRDA:90,2,0,0
BRDA:90,3,0,0
BRDA:120,4,0,0
BRDA:120,4,1,0
BRDA:183,5,0,0
BRDA:183,5,1,0
BRF:9
BRH:0
end_of_record
TN:
SF:components/ui/navigation-menu.tsx
FNF:0
FNH:0
DA:1,0
DA:2,0
DA:3,0
DA:4,0
DA:6,0
DA:24,0
DA:39,0
DA:41,0
DA:43,0
DA:63,0
DA:78,0
DA:80,0
DA:97,0
DA:115,0
DA:119,0
DA:120,0
DA:121,0
DA:122,0
DA:123,0
DA:124,0
DA:125,0
DA:126,0
DA:127,0
LF:23
LH:0
BRF:0
BRH:0
end_of_record
TN:
SF:components/ui/pagination.tsx
FNF:0
FNH:0
DA:1,0
DA:2,0
DA:4,0
DA:5,0
DA:15,0
DA:27,0
DA:35,0
DA:60,0
DA:76,0
DA:92,0
DA:107,0
DA:110,0
DA:111,0
DA:112,0
DA:113,0
DA:114,0
DA:115,0
DA:116,0
LF:18
LH:0
BRDA:45,0,0,0
BRDA:49,1,0,0
BRDA:49,1,1,0
BRDA:52,2,0,0
BRDA:52,2,1,0
BRF:5
BRH:0
end_of_record
TN:
SF:components/ui/popover.tsx
FNF:0
FNH:0
DA:3,0
DA:4,0
DA:6,0
DA:8,0
DA:10,0
DA:29,0
DA:31,0
LF:7
LH:0
BRDA:15,0,0,0
BRDA:15,1,0,0
BRF:2
BRH:0
end_of_record
TN:
SF:components/ui/progress.tsx
FNF:0
FNH:0
DA:3,0
DA:4,0
DA:6,0
DA:26,0
DA:28,0
LF:5
LH:0
BRDA:22,0,0,0
BRDA:22,0,1,0
BRF:2
BRH:0
end_of_record
TN:
SF:components/ui/radio-group.tsx
FN:12,(anonymous_6)
FN:26,(anonymous_7)
FNF:2
FNH:0
FNDA:0,(anonymous_6)
FNDA:0,(anonymous_7)
DA:3,0
DA:4,0
DA:5,0
DA:7,0
DA:9,0
DA:21,0
DA:23,0
DA:42,0
DA:44,0
LF:9
LH:0
BRF:0
BRH:0
end_of_record
TN:
SF:components/ui/resizable.tsx
FNF:0
FNH:0
DA:3,0
DA:4,0
DA:6,0
DA:21,0
DA:45,0
LF:5
LH:0
BRDA:37,0,0,0
BRF:1
BRH:0
end_of_record
TN:
SF:components/ui/scroll-area.tsx
FNF:0
FNH:0
DA:3,0
DA:4,0
DA:6,0
DA:24,0
DA:46,0
DA:48,0
LF:6
LH:0
BRDA:29,0,0,0
BRDA:35,1,0,0
BRDA:35,1,1,0
BRDA:37,2,0,0
BRDA:37,2,1,0
BRF:5
BRH:0
end_of_record
TN:
SF:components/ui/select.tsx
FNF:0
FNH:0
DA:3,6
DA:4,6
DA:5,6
DA:7,6
DA:9,6
DA:11,6
DA:13,6
DA:33,6
DA:50,6
DA:67,6
DA:100,6
DA:112,6
DA:135,6
DA:147,6
DA:150,175
DA:151,0
DA:152,175
DA:153,175
DA:154,175
DA:155,0
DA:156,743
DA:157,0
DA:158,0
DA:159,0
LF:24
LH:19
BRDA:73,0,0,148
BRDA:79,1,0,148
BRDA:79,1,1,148
BRDA:90,2,0,148
BRDA:90,2,1,148
BRF:5
BRH:5
end_of_record
TN:
SF:components/ui/separator.tsx
FNF:0
FNH:0
DA:3,1
DA:4,1
DA:6,1
DA:20,1
DA:22,36
LF:5
LH:5
BRDA:11,0,0,35
BRDA:11,1,0,35
BRDA:16,2,0,35
BRDA:16,2,1,0
BRF:4
BRH:3
end_of_record
TN:
SF:components/ui/sheet.tsx
FNF:0
FNH:0
DA:3,0
DA:4,0
DA:5,0
DA:6,0
DA:8,0
DA:10,0
DA:12,0
DA:14,0
DA:16,0
DA:31,0
DA:33,0
DA:75,0
DA:89,0
DA:103,0
DA:115,0
DA:127,0
DA:130,0
DA:131,0
DA:132,0
DA:133,0
DA:134,0
DA:135,0
DA:136,0
DA:137,0
DA:138,0
DA:139,0
LF:26
LH:0
BRDA:59,0,0,0
BRF:1
BRH:0
end_of_record
TN:
SF:components/ui/sidebar.tsx
FN:41,useSidebar
FN:58,(anonymous_29)
FN:78,(anonymous_30)
FN:93,(anonymous_31)
FN:95,(anonymous_32)
FN:96,(anonymous_33)
FN:100,(anonymous_34)
FN:101,(anonymous_35)
FN:112,(anonymous_36)
FN:120,(anonymous_37)
FN:167,(anonymous_38)
FN:265,(anonymous_39)
FN:275,(anonymous_40)
FN:291,(anonymous_41)
FN:320,(anonymous_42)
FN:338,(anonymous_43)
FN:356,(anonymous_44)
FN:371,(anonymous_45)
FN:386,(anonymous_46)
FN:401,(anonymous_47)
FN:419,(anonymous_48)
FN:434,(anonymous_49)
FN:455,(anonymous_50)
FN:544,(anonymous_54)
FN:601,(anonymous_55)
FN:652,(anonymous_57)
FN:654,(anonymous_58)
FN:715,(anonymous_61)
FNF:28
FNH:0
FNDA:0,useSidebar
FNDA:0,(anonymous_29)
FNDA:0,(anonymous_30)
FNDA:0,(anonymous_31)
FNDA:0,(anonymous_32)
FNDA:0,(anonymous_33)
FNDA:0,(anonymous_34)
FNDA:0,(anonymous_35)
FNDA:0,(anonymous_36)
FNDA:0,(anonymous_37)
FNDA:0,(anonymous_38)
FNDA:0,(anonymous_39)
FNDA:0,(anonymous_40)
FNDA:0,(anonymous_41)
FNDA:0,(anonymous_42)
FNDA:0,(anonymous_43)
FNDA:0,(anonymous_44)
FNDA:0,(anonymous_45)
FNDA:0,(anonymous_46)
FNDA:0,(anonymous_47)
FNDA:0,(anonymous_48)
FNDA:0,(anonymous_49)
FNDA:0,(anonymous_50)
FNDA:0,(anonymous_54)
FNDA:0,(anonymous_55)
FNDA:0,(anonymous_57)
FNDA:0,(anonymous_58)
FNDA:0,(anonymous_61)
DA:3,0
DA:4,0
DA:5,0
DA:6,0
DA:8,0
DA:9,0
DA:10,0
DA:11,0
DA:12,0
DA:13,0
DA:14,0
DA:20,0
DA:22,0
DA:23,0
DA:24,0
DA:25,0
DA:26,0
DA:27,0
DA:39,0
DA:42,0
DA:43,0
DA:44,0
DA:47,0
DA:50,0
DA:70,0
DA:71,0
DA:75,0
DA:76,0
DA:77,0
DA:79,0
DA:80,0
DA:81,0
DA:83,0
DA:87,0
DA:93,0
DA:94,0
DA:95,0
DA:96,0
DA:100,0
DA:101,0
DA:102,0
DA:106,0
DA:107,0
DA:111,0
DA:112,0
DA:117,0
DA:119,0
DA:120,0
DA:157,0
DA:159,0
DA:178,0
DA:180,0
DA:195,0
DA:260,0
DA:262,0
DA:266,0
DA:276,0
DA:277,0
DA:286,0
DA:288,0
DA:292,0
DA:315,0
DA:317,0
DA:333,0
DA:335,0
DA:351,0
DA:353,0
DA:366,0
DA:368,0
DA:381,0
DA:383,0
DA:396,0
DA:398,0
DA:414,0
DA:416,0
DA:429,0
DA:431,0
DA:435,0
DA:450,0
DA:452,0
DA:456,0
DA:473,0
DA:486,0
DA:499,0
DA:512,0
DA:514,0
DA:536,0
DA:556,0
DA:557,0
DA:570,0
DA:571,0
DA:574,0
DA:575,0
DA:593,0
DA:595,0
DA:602,0
DA:624,0
DA:645,0
DA:647,0
DA:654,0
DA:655,0
DA:683,0
DA:700,0
DA:706,0
DA:708,0
DA:716,0
DA:736,0
DA:739,0
DA:740,0
DA:741,0
DA:742,0
DA:743,0
DA:744,0
DA:745,0
DA:746,0
DA:747,0
DA:748,0
DA:749,0
DA:750,0
DA:751,0
DA:752,0
DA:753,0
DA:754,0
DA:755,0
DA:756,0
DA:757,0
DA:758,0
DA:759,0
DA:760,0
DA:761,0
DA:762,0
LF:131
LH:0
BRDA:43,0,0,0
BRDA:60,1,0,0
BRDA:76,2,0,0
BRDA:76,2,1,0
BRDA:79,3,0,0
BRDA:79,3,1,0
BRDA:80,4,0,0
BRDA:80,4,1,0
BRDA:94,5,0,0
BRDA:94,5,1,0
BRDA:102,6,0,0
BRDA:103,7,0,0
BRDA:103,7,1,0
BRDA:103,7,2,0
BRDA:117,8,0,0
BRDA:117,8,1,0
BRDA:169,9,0,0
BRDA:170,10,0,0
BRDA:171,11,0,0
BRDA:180,12,0,0
BRDA:195,13,0,0
BRDA:220,14,0,0
BRDA:220,14,1,0
BRDA:230,15,0,0
BRDA:230,15,1,0
BRDA:230,16,0,0
BRDA:230,16,1,0
BRDA:238,17,0,0
BRDA:238,17,1,0
BRDA:242,18,0,0
BRDA:242,18,1,0
BRDA:242,19,0,0
BRDA:242,19,1,0
BRDA:434,20,0,0
BRDA:435,21,0,0
BRDA:435,21,1,0
BRDA:455,22,0,0
BRDA:456,23,0,0
BRDA:456,23,1,0
BRDA:546,24,0,0
BRDA:547,25,0,0
BRDA:548,26,0,0
BRDA:549,27,0,0
BRDA:556,28,0,0
BRDA:556,28,1,0
BRDA:570,29,0,0
BRDA:574,30,0,0
BRDA:586,31,0,0
BRDA:586,31,1,0
BRDA:601,32,0,0
BRDA:601,33,0,0
BRDA:602,34,0,0
BRDA:602,34,1,0
BRDA:616,35,0,0
BRDA:616,35,1,0
BRDA:652,36,0,0
BRDA:665,37,0,0
BRDA:715,38,0,0
BRDA:715,39,0,0
BRDA:716,40,0,0
BRDA:716,40,1,0
BRDA:727,41,0,0
BRDA:727,41,1,0
BRDA:728,42,0,0
BRDA:728,42,1,0
BRF:65
BRH:0
end_of_record
TN:
SF:components/ui/skeleton.tsx
FN:3,Skeleton
FNF:1
FNH:0
FNDA:0,Skeleton
DA:1,0
DA:15,0
LF:2
LH:0
BRF:0
BRH:0
end_of_record
TN:
SF:components/ui/slider.tsx
FNF:0
FNH:0
DA:3,0
DA:4,0
DA:6,0
DA:26,0
DA:28,0
LF:5
LH:0
BRF:0
BRH:0
end_of_record
TN:
SF:components/ui/sonner.tsx
FN:8,(anonymous_1)
FNF:1
FNH:0
FNDA:0,(anonymous_1)
DA:3,0
DA:4,0
DA:8,0
DA:9,0
DA:31,0
LF:5
LH:0
BRDA:9,0,0,0
BRF:1
BRH:0
end_of_record
TN:
SF:components/ui/switch.tsx
FNF:0
FNH:0
DA:3,0
DA:4,0
DA:6,0
DA:27,0
DA:29,0
LF:5
LH:0
BRF:0
BRH:0
end_of_record
TN:
SF:components/ui/table.tsx
FNF:0
FNH:0
DA:1,0
DA:3,0
DA:17,0
DA:25,0
DA:37,0
DA:52,0
DA:67,0
DA:82,0
DA:94,0
DA:106,0
DA:109,0
DA:110,0
DA:111,0
DA:112,0
DA:113,0
DA:114,0
DA:115,0
DA:116,0
LF:18
LH:0
BRF:0
BRH:0
end_of_record
TN:
SF:components/ui/tabs.tsx
FNF:0
FNH:0
DA:3,0
DA:4,0
DA:6,0
DA:8,0
DA:23,0
DA:38,0
DA:53,0
DA:55,0
LF:8
LH:0
BRF:0
BRH:0
end_of_record
TN:
SF:components/ui/textarea.tsx
FN:8,(anonymous_4)
FNF:1
FNH:1
FNDA:33,(anonymous_4)
DA:1,4
DA:3,4
DA:5,4
DA:20,4
DA:22,51
LF:5
LH:5
BRF:0
BRH:0
end_of_record
TN:
SF:components/ui/toast.tsx
FN:47,(anonymous_12)
FNF:1
FNH:0
FNDA:0,(anonymous_12)
DA:3,0
DA:4,0
DA:5,0
DA:6,0
DA:8,0
DA:10,0
DA:25,0
DA:27,0
DA:43,0
DA:56,0
DA:71,0
DA:89,0
DA:101,0
DA:113,0
DA:122,0
DA:123,0
DA:124,0
DA:125,0
DA:126,0
DA:127,0
DA:128,0
LF:21
LH:0
BRF:0
BRH:0
end_of_record
TN:
SF:components/ui/toaster.tsx
FN:13,Toaster
FN:18,(anonymous_2)
FNF:2
FNH:0
FNDA:0,Toaster
FNDA:0,(anonymous_2)
DA:3,0
DA:11,0
DA:13,0
DA:14,0
DA:19,0
LF:5
LH:0
BRDA:22,0,0,0
BRDA:23,1,0,0
BRF:2
BRH:0
end_of_record
TN:
SF:components/ui/toggle-group.tsx
FN:39,(anonymous_7)
FNF:1
FNH:0
FNDA:0,(anonymous_7)
DA:3,0
DA:4,0
DA:7,0
DA:8,0
DA:10,0
DA:33,0
DA:35,0
DA:40,0
DA:59,0
DA:61,0
LF:10
LH:0
BRDA:47,0,0,0
BRDA:47,0,1,0
BRDA:48,1,0,0
BRDA:48,1,1,0
BRF:4
BRH:0
end_of_record
TN:
SF:components/ui/toggle.tsx
FNF:0
FNH:0
DA:3,0
DA:4,0
DA:5,0
DA:7,0
DA:9,0
DA:43,0
DA:45,0
LF:7
LH:0
BRF:0
BRH:0
end_of_record
TN:
SF:components/ui/tooltip.tsx
FNF:0
FNH:0
DA:3,0
DA:4,0
DA:6,0
DA:8,0
DA:10,0
DA:12,0
DA:28,0
DA:30,0
LF:8
LH:0
BRDA:17,0,0,0
BRF:1
BRH:0
end_of_record
TN:
SF:components/ui/use-mobile.tsx
FN:5,useIsMobile
FN:8,(anonymous_5)
FN:10,(anonymous_6)
FN:15,(anonymous_7)
FNF:4
FNH:0
FNDA:0,useIsMobile
FNDA:0,(anonymous_5)
FNDA:0,(anonymous_6)
FNDA:0,(anonymous_7)
DA:1,0
DA:3,0
DA:5,0
DA:6,0
DA:8,0
DA:9,0
DA:10,0
DA:11,0
DA:13,0
DA:14,0
DA:15,0
DA:18,0
LF:12
LH:0
BRF:0
BRH:0
end_of_record
TN:
SF:components/ui/use-toast.ts
FN:30,genId
FN:61,(anonymous_8)
FN:66,(anonymous_9)
FN:77,(anonymous_10)
FN:88,(anonymous_11)
FN:101,(anonymous_12)
FN:108,(anonymous_13)
FN:127,(anonymous_14)
FN:136,dispatch
FN:138,(anonymous_16)
FN:145,toast
FN:148,(anonymous_18)
FN:153,(anonymous_19)
FN:161,(anonymous_20)
FN:174,useToast
FN:177,(anonymous_22)
FN:179,(anonymous_23)
FN:190,(anonymous_24)
FNF:18
FNH:0
FNDA:0,genId
FNDA:0,(anonymous_8)
FNDA:0,(anonymous_9)
FNDA:0,(anonymous_10)
FNDA:0,(anonymous_11)
FNDA:0,(anonymous_12)
FNDA:0,(anonymous_13)
FNDA:0,(anonymous_14)
FNDA:0,dispatch
FNDA:0,(anonymous_16)
FNDA:0,toast
FNDA:0,(anonymous_18)
FNDA:0,(anonymous_19)
FNDA:0,(anonymous_20)
FNDA:0,useToast
FNDA:0,(anonymous_22)
FNDA:0,(anonymous_23)
FNDA:0,(anonymous_24)
DA:4,0
DA:11,0
DA:12,0
DA:21,0
DA:28,0
DA:31,0
DA:32,0
DA:59,0
DA:61,0
DA:62,0
DA:63,0
DA:66,0
DA:67,0
DA:68,0
DA:74,0
DA:77,0
DA:78,0
DA:80,0
DA:86,0
DA:89,0
DA:94,0
DA:98,0
DA:99,0
DA:101,0
DA:102,0
DA:106,0
DA:109,0
DA:119,0
DA:120,0
DA:125,0
DA:127,0
DA:132,0
DA:134,0
DA:137,0
DA:138,0
DA:139,0
DA:146,0
DA:148,0
DA:149,0
DA:153,0
DA:155,0
DA:162,0
DA:167,0
DA:175,0
DA:177,0
DA:178,0
DA:179,0
DA:180,0
DA:181,0
DA:182,0
DA:187,0
DA:190,0
DA:194,0
LF:53
LH:0
BRDA:62,0,0,0
BRDA:78,1,0,0
BRDA:78,1,1,0
BRDA:78,1,2,0
BRDA:78,1,3,0
BRDA:89,2,0,0
BRDA:89,2,1,0
BRDA:98,3,0,0
BRDA:98,3,1,0
BRDA:109,4,0,0
BRDA:109,4,1,0
BRDA:109,5,0,0
BRDA:109,5,1,0
BRDA:119,6,0,0
BRDA:162,7,0,0
BRDA:181,8,0,0
BRF:16
BRH:0
end_of_record
TN:
SF:hooks/use-mobile.tsx
FN:5,useIsMobile
FN:8,(anonymous_5)
FN:10,(anonymous_6)
FN:15,(anonymous_7)
FNF:4
FNH:4
FNDA:20,useIsMobile
FNDA:9,(anonymous_5)
FNDA:2,(anonymous_6)
FNDA:9,(anonymous_7)
DA:1,1
DA:3,1
DA:5,20
DA:6,20
DA:8,20
DA:9,9
DA:10,9
DA:11,2
DA:13,9
DA:14,9
DA:15,9
DA:18,20
LF:12
LH:12
BRF:0
BRH:0
end_of_record
TN:
SF:hooks/use-project-filters.ts
FN:7,useProjectFilters
FN:8,(anonymous_2)
FN:15,(anonymous_3)
FN:24,(anonymous_4)
FN:29,(anonymous_5)
FN:37,(anonymous_6)
FN:67,(anonymous_7)
FNF:7
FNH:6
FNDA:28,useProjectFilters
FNDA:26,(anonymous_2)
FNDA:3,(anonymous_3)
FNDA:3,(anonymous_4)
FNDA:3,(anonymous_5)
FNDA:0,(anonymous_6)
FNDA:16,(anonymous_7)
DA:3,2
DA:7,28
DA:8,28
DA:9,26
DA:12,26
DA:13,1
DA:14,1
DA:16,3
DA:23,26
DA:24,3
DA:28,26
DA:29,3
DA:33,26
DA:34,0
DA:35,0
DA:37,0
DA:38,0
DA:39,0
DA:41,0
DA:43,0
DA:45,0
DA:46,0
DA:47,0
DA:49,0
DA:50,0
DA:51,0
DA:53,0
DA:54,0
DA:55,0
DA:57,0
DA:58,0
DA:59,0
DA:61,0
DA:67,26
DA:71,16
DA:73,2
DA:74,2
DA:75,2
DA:77,11
DA:78,11
DA:79,11
DA:81,3
DA:82,3
DA:83,3
DA:85,0
DA:86,0
DA:87,0
DA:89,0
DA:90,0
DA:91,0
DA:93,0
DA:94,0
DA:97,16
DA:98,14
DA:99,0
DA:102,26
DA:105,28
LF:57
LH:28
BRDA:12,0,0,1
BRDA:16,1,0,3
BRDA:16,1,1,2
BRDA:16,1,2,2
BRDA:23,2,0,1
BRDA:28,3,0,1
BRDA:33,4,0,0
BRDA:41,5,0,0
BRDA:41,5,1,0
BRDA:41,5,2,0
BRDA:41,5,3,0
BRDA:41,5,4,0
BRDA:41,5,5,0
BRDA:71,6,0,2
BRDA:71,6,1,11
BRDA:71,6,2,3
BRDA:71,6,3,0
BRDA:71,6,4,0
BRDA:71,6,5,0
BRDA:97,7,0,2
BRDA:97,8,0,0
BRDA:97,8,1,2
BRDA:98,9,0,14
BRDA:98,10,0,2
BRDA:98,10,1,12
BRF:25
BRH:14
end_of_record
TN:
SF:hooks/use-task-filters.ts
FN:7,useTaskFilters
FN:8,(anonymous_2)
FN:15,(anonymous_3)
FN:26,(anonymous_4)
FN:28,(anonymous_5)
FN:34,(anonymous_6)
FN:39,(anonymous_7)
FN:40,(anonymous_8)
FN:40,(anonymous_9)
FN:46,(anonymous_10)
FN:56,(anonymous_11)
FN:89,(anonymous_12)
FNF:12
FNH:11
FNDA:23,useTaskFilters
FNDA:20,(anonymous_2)
FNDA:3,(anonymous_3)
FNDA:3,(anonymous_4)
FNDA:3,(anonymous_5)
FNDA:3,(anonymous_6)
FNDA:3,(anonymous_7)
FNDA:3,(anonymous_8)
FNDA:3,(anonymous_9)
FNDA:3,(anonymous_10)
FNDA:3,(anonymous_11)
FNDA:0,(anonymous_12)
DA:3,2
DA:7,23
DA:8,23
DA:9,20
DA:12,20
DA:13,1
DA:14,1
DA:16,3
DA:24,20
DA:25,2
DA:26,3
DA:28,3
DA:33,20
DA:34,3
DA:38,20
DA:39,1
DA:40,3
DA:45,20
DA:46,3
DA:50,20
DA:51,1
DA:52,1
DA:53,1
DA:54,1
DA:56,1
DA:57,3
DA:58,2
DA:60,2
DA:61,2
DA:63,2
DA:65,0
DA:67,0
DA:69,0
DA:71,0
DA:72,0
DA:73,0
DA:75,0
DA:76,0
DA:77,0
DA:79,2
DA:81,0
DA:87,20
DA:88,0
DA:89,0
DA:92,20
DA:95,23
LF:46
LH:34
BRDA:12,0,0,1
BRDA:16,1,0,3
BRDA:16,1,1,2
BRDA:16,1,2,2
BRDA:16,1,3,2
BRDA:24,2,0,2
BRDA:25,3,0,1
BRDA:25,3,1,1
BRDA:33,4,0,1
BRDA:38,5,0,1
BRDA:45,6,0,1
BRDA:50,7,0,1
BRDA:57,8,0,1
BRDA:57,9,0,3
BRDA:57,9,1,1
BRDA:58,10,0,0
BRDA:63,11,0,0
BRDA:63,11,1,0
BRDA:63,11,2,0
BRDA:63,11,3,0
BRDA:63,11,4,0
BRDA:63,11,5,2
BRDA:63,11,6,0
BRDA:73,12,0,0
BRDA:73,12,1,0
BRDA:77,13,0,0
BRDA:77,13,1,0
BRDA:87,14,0,0
BRDA:89,15,0,0
BRDA:89,15,1,0
BRF:30
BRH:16
end_of_record
TN:
SF:hooks/use-toast.ts
FN:45,(anonymous_7)
FN:50,(anonymous_8)
FN:61,(anonymous_9)
FN:72,(anonymous_10)
FN:81,(anonymous_11)
FN:88,(anonymous_12)
FN:107,(anonymous_13)
FN:116,dispatch
FN:118,(anonymous_15)
FN:125,toast
FN:128,(anonymous_17)
FN:133,(anonymous_18)
FN:141,(anonymous_19)
FN:154,useToast
FN:157,(anonymous_21)
FN:159,(anonymous_22)
FN:170,(anonymous_23)
FNF:17
FNH:15
FNDA:6,(anonymous_7)
FNDA:0,(anonymous_8)
FNDA:23,(anonymous_9)
FNDA:2,(anonymous_10)
FNDA:3,(anonymous_11)
FNDA:7,(anonymous_12)
FNDA:2,(anonymous_13)
FNDA:16,dispatch
FNDA:13,(anonymous_15)
FNDA:12,toast
FNDA:1,(anonymous_17)
FNDA:1,(anonymous_18)
FNDA:0,(anonymous_19)
FNDA:19,useToast
FNDA:19,(anonymous_21)
FNDA:19,(anonymous_22)
FNDA:2,(anonymous_23)
DA:3,2
DA:18,2
DA:19,2
DA:43,2
DA:45,2
DA:46,6
DA:47,1
DA:50,5
DA:51,0
DA:52,0
DA:58,5
DA:61,8
DA:62,23
DA:64,14
DA:70,2
DA:72,2
DA:76,5
DA:78,5
DA:79,3
DA:81,2
DA:82,3
DA:86,5
DA:89,7
DA:99,2
DA:100,1
DA:105,1
DA:107,2
DA:112,2
DA:114,2
DA:117,16
DA:118,16
DA:119,13
DA:126,12
DA:128,12
DA:129,1
DA:133,12
DA:135,12
DA:142,0
DA:147,12
DA:155,19
DA:157,19
DA:158,19
DA:159,19
DA:160,19
DA:161,19
DA:162,19
DA:167,19
DA:170,2
DA:174,20
LF:49
LH:46
BRDA:46,0,0,1
BRDA:62,1,0,14
BRDA:62,1,1,2
BRDA:62,1,2,5
BRDA:62,1,3,2
BRDA:72,2,0,2
BRDA:72,2,1,0
BRDA:78,3,0,3
BRDA:78,3,1,2
BRDA:89,4,0,6
BRDA:89,4,1,1
BRDA:89,5,0,7
BRDA:89,5,1,4
BRDA:99,6,0,1
BRDA:142,7,0,0
BRDA:161,8,0,19
BRF:16
BRH:14
end_of_record
TN:
SF:lib/api.ts
FN:86,(anonymous_1)
FN:94,(anonymous_2)
FN:107,(anonymous_3)
FN:116,(anonymous_4)
FN:125,(anonymous_5)
FN:135,(anonymous_6)
FN:142,(anonymous_7)
FN:149,(anonymous_8)
FN:158,(anonymous_9)
FN:167,(anonymous_10)
FN:176,(anonymous_11)
FN:183,(anonymous_12)
FN:190,(anonymous_13)
FN:197,(anonymous_14)
FN:206,(anonymous_15)
FN:215,(anonymous_16)
FN:224,(anonymous_17)
FN:231,(anonymous_18)
FN:238,(anonymous_19)
FN:247,(anonymous_20)
FN:256,(anonymous_21)
FN:265,(anonymous_22)
FN:272,(anonymous_23)
FN:281,(anonymous_24)
FN:290,(anonymous_25)
FNF:25
FNH:21
FNDA:21,(anonymous_1)
FNDA:24,(anonymous_2)
FNDA:2,(anonymous_3)
FNDA:0,(anonymous_4)
FNDA:1,(anonymous_5)
FNDA:5,(anonymous_6)
FNDA:1,(anonymous_7)
FNDA:1,(anonymous_8)
FNDA:1,(anonymous_9)
FNDA:1,(anonymous_10)
FNDA:0,(anonymous_11)
FNDA:1,(anonymous_12)
FNDA:1,(anonymous_13)
FNDA:0,(anonymous_14)
FNDA:1,(anonymous_15)
FNDA:1,(anonymous_16)
FNDA:1,(anonymous_17)
FNDA:0,(anonymous_18)
FNDA:1,(anonymous_19)
FNDA:1,(anonymous_20)
FNDA:1,(anonymous_21)
FNDA:1,(anonymous_22)
FNDA:1,(anonymous_23)
FNDA:1,(anonymous_24)
FNDA:1,(anonymous_25)
DA:1,12
DA:87,21
DA:88,21
DA:95,24
DA:96,3
DA:97,2
DA:98,2
DA:99,2
DA:101,3
DA:103,21
DA:108,2
DA:113,2
DA:117,0
DA:122,0
DA:126,1
DA:131,1
DA:136,5
DA:139,5
DA:143,1
DA:146,1
DA:150,1
DA:155,1
DA:159,1
DA:164,1
DA:168,1
DA:172,1
DA:177,0
DA:180,0
DA:184,1
DA:187,1
DA:191,1
DA:194,1
DA:198,0
DA:203,0
DA:207,1
DA:212,1
DA:216,1
DA:220,1
DA:225,1
DA:228,1
DA:232,0
DA:235,0
DA:239,1
DA:244,1
DA:248,1
DA:253,1
DA:257,1
DA:261,1
DA:266,1
DA:269,1
DA:273,1
DA:278,1
DA:282,1
DA:287,1
DA:291,1
DA:295,1
DA:299,32
LF:57
LH:49
BRDA:90,0,0,21
BRDA:90,0,1,19
BRDA:95,1,0,3
BRDA:96,2,0,2
BRF:4
BRH:4
end_of_record
TN:
SF:lib/utils.ts
FN:4,cn
FNF:1
FNH:1
FNDA:4056,cn
DA:1,10
DA:2,10
DA:4,4056
DA:5,4056
LF:4
LH:4
BRF:0
BRH:0
end_of_record
